#
# There is insufficient memory for the Java Runtime Environment to continue.
# Native memory allocation (malloc) failed to allocate 1753936 bytes for Chunk::new
# Possible reasons:
#   The system is out of physical RAM or swap space
#   In 32 bit mode, the process size limit was hit
# Possible solutions:
#   Reduce memory load on the system
#   Increase physical memory or swap space
#   Check if swap backing store is full
#   Use 64 bit Java on a 64 bit OS
#   Decrease Java heap size (-Xmx/-Xms)
#   Decrease number of Java threads
#   Decrease Java thread stack sizes (-Xss)
#   Set larger code cache with -XX:ReservedCodeCacheSize=
# This output file may be truncated or incomplete.
#
#  Out of Memory Error (allocation.cpp:390), pid=3320, tid=4204
#
# JRE version: Java(TM) SE Runtime Environment (8.0_60-b27) (build 1.8.0_60-b27)
# Java VM: Java HotSpot(TM) 64-Bit Server VM (25.60-b23 mixed mode windows-amd64 compressed oops)
# Failed to write core dump. Minidumps are not enabled by default on client versions of Windows
#

---------------  T H R E A D  ---------------

Current thread (0x0000000016f73000):  JavaThread "C2 CompilerThread2" daemon [_thread_in_native, id=4204, stack(0x0000000017740000,0x0000000017840000)]

Stack: [0x0000000017740000,0x0000000017840000]
[error occurred during error reporting (printing stack bounds), id 0xc0000005]

Native frames: (J=compiled Java code, j=interpreted, Vv=VM code, C=native code)


Current CompileTask:
C2:   1124 1292   !   4       com.android.dx.cf.code.BytecodeArray::parseInstruction (2764 bytes)


---------------  P R O C E S S  ---------------

Java Threads: ( => current thread )
  0x0000000017be6800 JavaThread "pool-1-thread-4" [_thread_blocked, id=2532, stack(0x0000000018740000,0x0000000018840000)]
  0x0000000017be6000 JavaThread "pool-1-thread-3" [_thread_blocked, id=10612, stack(0x0000000018640000,0x0000000018740000)]
  0x0000000017c11000 JavaThread "pool-1-thread-2" [_thread_blocked, id=3712, stack(0x0000000018540000,0x0000000018640000)]
  0x0000000017c10000 JavaThread "pool-2-thread-1" [_thread_blocked, id=3484, stack(0x0000000018440000,0x0000000018540000)]
  0x0000000017bbc000 JavaThread "pool-1-thread-1" [_thread_blocked, id=8944, stack(0x0000000018340000,0x0000000018440000)]
  0x0000000016feb000 JavaThread "Service Thread" daemon [_thread_blocked, id=8784, stack(0x0000000017940000,0x0000000017a40000)]
  0x0000000016fcb800 JavaThread "C1 CompilerThread3" daemon [_thread_blocked, id=7252, stack(0x0000000017840000,0x0000000017940000)]
=>0x0000000016f73000 JavaThread "C2 CompilerThread2" daemon [_thread_in_native, id=4204, stack(0x0000000017740000,0x0000000017840000)]
  0x0000000016f6d800 JavaThread "C2 CompilerThread1" daemon [_thread_blocked, id=7360, stack(0x0000000017640000,0x0000000017740000)]
  0x0000000016f68000 JavaThread "C2 CompilerThread0" daemon [_thread_in_native, id=9964, stack(0x0000000017540000,0x0000000017640000)]
  0x0000000016f67000 JavaThread "Attach Listener" daemon [_thread_blocked, id=4356, stack(0x0000000017440000,0x0000000017540000)]
  0x0000000016f66800 JavaThread "Signal Dispatcher" daemon [_thread_blocked, id=8820, stack(0x0000000017340000,0x0000000017440000)]
  0x00000000022fa800 JavaThread "Finalizer" daemon [_thread_blocked, id=5592, stack(0x0000000016d30000,0x0000000016e30000)]
  0x00000000022f4000 JavaThread "Reference Handler" daemon [_thread_blocked, id=7024, stack(0x0000000016c30000,0x0000000016d30000)]
  0x0000000002200800 JavaThread "main" [_thread_blocked, id=7580, stack(0x00000000020e0000,0x00000000021e0000)]

Other Threads:
  0x0000000014e49800 VMThread [stack: 0x0000000016b30000,0x0000000016c30000] [id=7028]
  0x0000000016ff8000 WatcherThread [stack: 0x0000000017a40000,0x0000000017b40000] [id=7288]

VM state:not at safepoint (normal execution)

VM Mutex/Monitor currently owned by a thread:  ([mutex/lock_event])
[0x00000000004dc2b0] Heap_lock - owner thread: 0x0000000002200800

Heap:
 PSYoungGen      total 70656K, used 5095K [0x00000000eab00000, 0x00000000ef500000, 0x0000000100000000)
  eden space 65536K, 0% used [0x00000000eab00000,0x00000000eab00020,0x00000000eeb00000)
  from space 5120K, 99% used [0x00000000ef000000,0x00000000ef4f9c98,0x00000000ef500000)
  to   space 5120K, 0% used [0x00000000eeb00000,0x00000000eeb00000,0x00000000ef000000)
 ParOldGen       total 86016K, used 4529K [0x00000000c0000000, 0x00000000c5400000, 0x00000000eab00000)
  object space 86016K, 5% used [0x00000000c0000000,0x00000000c046c4c8,0x00000000c5400000)
 Metaspace       used 6235K, capacity 7092K, committed 7296K, reserved 1056768K
  class space    used 603K, capacity 620K, committed 640K, reserved 1048576K

Card table byte_map: [0x00000000116d0000,0x00000000118e0000] byte_map_base: 0x00000000110d0000

Marking Bits: (ParMarkBitMap*) 0x000000005978a5b0
 Begin Bits: [0x0000000012240000, 0x0000000013240000)
 End Bits:   [0x0000000013240000, 0x0000000014240000)

Polling page: 0x00000000021e0000

CodeCache: size=245760Kb used=5960Kb max_used=5980Kb free=239799Kb
 bounds [0x0000000002310000, 0x00000000028f0000, 0x0000000011310000]
 total_blobs=1719 nmethods=1446 adapters=185
 compilation: enabled

Compilation events (10 events):
Event: 0.976 Thread 0x0000000016fcb800 nmethod 1463 0x00000000028cfa90 code [0x00000000028cfc00, 0x00000000028d0048]
Event: 0.976 Thread 0x0000000016fcb800 1455       3       com.android.dx.cf.code.RopperMachine::updateReturnOp (115 bytes)
Event: 0.977 Thread 0x0000000016fcb800 nmethod 1455 0x00000000028d0150 code [0x00000000028d03e0, 0x00000000028d1618]
Event: 0.977 Thread 0x0000000016fcb800 1467       3       com.android.dx.cf.direct.StdAttributeFactory::lineNumberTable (204 bytes)
Event: 0.979 Thread 0x0000000016fcb800 nmethod 1467 0x00000000028d8390 code [0x00000000028d8840, 0x00000000028db538]
Event: 0.979 Thread 0x0000000016fcb800 1464       3       com.android.dx.cf.direct.StdAttributeFactory::code (613 bytes)
Event: 0.984 Thread 0x0000000016f6d800 nmethod 1290 0x00000000028dda90 code [0x00000000028ddf00, 0x00000000028e16c0]
Event: 0.984 Thread 0x0000000016f6d800 1433       4       com.android.dx.ssa.LocalVariableExtractor::processBlock (383 bytes)
Event: 1.117 Thread 0x0000000016f68000 nmethod 1251 0x00000000028e7a90 code [0x00000000028e7d00, 0x00000000028e9e48]
Event: 1.117 Thread 0x0000000016f68000 1430       4       com.android.dx.ssa.SsaRenamer$BlockRenamer::process (191 bytes)

GC Heap History (4 events):
Event: 0.649 GC heap before
{Heap before GC invocations=1 (full 0):
 PSYoungGen      total 37888K, used 32768K [0x00000000eab00000, 0x00000000ed500000, 0x0000000100000000)
  eden space 32768K, 100% used [0x00000000eab00000,0x00000000ecb00000,0x00000000ecb00000)
  from space 5120K, 0% used [0x00000000ed000000,0x00000000ed000000,0x00000000ed500000)
  to   space 5120K, 0% used [0x00000000ecb00000,0x00000000ecb00000,0x00000000ed000000)
 ParOldGen       total 86016K, used 0K [0x00000000c0000000, 0x00000000c5400000, 0x00000000eab00000)
  object space 86016K, 0% used [0x00000000c0000000,0x00000000c0000000,0x00000000c5400000)
 Metaspace       used 5902K, capacity 6772K, committed 7040K, reserved 1056768K
  class space    used 598K, capacity 620K, committed 640K, reserved 1048576K
Event: 0.672 GC heap after
Heap after GC invocations=1 (full 0):
 PSYoungGen      total 37888K, used 5091K [0x00000000eab00000, 0x00000000ef500000, 0x0000000100000000)
  eden space 32768K, 0% used [0x00000000eab00000,0x00000000eab00000,0x00000000ecb00000)
  from space 5120K, 99% used [0x00000000ecb00000,0x00000000ecff8eb8,0x00000000ed000000)
  to   space 5120K, 0% used [0x00000000ef000000,0x00000000ef000000,0x00000000ef500000)
 ParOldGen       total 86016K, used 855K [0x00000000c0000000, 0x00000000c5400000, 0x00000000eab00000)
  object space 86016K, 0% used [0x00000000c0000000,0x00000000c00d5e80,0x00000000c5400000)
 Metaspace       used 5902K, capacity 6772K, committed 7040K, reserved 1056768K
  class space    used 598K, capacity 620K, committed 640K, reserved 1048576K
}
Event: 0.993 GC heap before
{Heap before GC invocations=2 (full 0):
 PSYoungGen      total 37888K, used 37859K [0x00000000eab00000, 0x00000000ef500000, 0x0000000100000000)
  eden space 32768K, 100% used [0x00000000eab00000,0x00000000ecb00000,0x00000000ecb00000)
  from space 5120K, 99% used [0x00000000ecb00000,0x00000000ecff8eb8,0x00000000ed000000)
  to   space 5120K, 0% used [0x00000000ef000000,0x00000000ef000000,0x00000000ef500000)
 ParOldGen       total 86016K, used 855K [0x00000000c0000000, 0x00000000c5400000, 0x00000000eab00000)
  object space 86016K, 0% used [0x00000000c0000000,0x00000000c00d5e80,0x00000000c5400000)
 Metaspace       used 6235K, capacity 7092K, committed 7296K, reserved 1056768K
  class space    used 603K, capacity 620K, committed 640K, reserved 1048576K
Event: 1.114 GC heap after
Heap after GC invocations=2 (full 0):
 PSYoungGen      total 70656K, used 5095K [0x00000000eab00000, 0x00000000ef500000, 0x0000000100000000)
  eden space 65536K, 0% used [0x00000000eab00000,0x00000000eab00000,0x00000000eeb00000)
  from space 5120K, 99% used [0x00000000ef000000,0x00000000ef4f9c98,0x00000000ef500000)
  to   space 5120K, 0% used [0x00000000eeb00000,0x00000000eeb00000,0x00000000ef000000)
 ParOldGen       total 86016K, used 4529K [0x00000000c0000000, 0x00000000c5400000, 0x00000000eab00000)
  object space 86016K, 5% used [0x00000000c0000000,0x00000000c046c4c8,0x00000000c5400000)
 Metaspace       used 6235K, capacity 7092K, committed 7296K, reserved 1056768K
  class space    used 603K, capacity 620K, committed 640K, reserved 1048576K
}

Deoptimization events (7 events):
Event: 0.388 Thread 0x0000000017be6800 Uncommon trap: reason=unstable_if action=reinterpret pc=0x000000000251adf0 method=java.util.BitSet.nextSetBit(I)I @ 87
Event: 0.406 Thread 0x0000000017be6800 Uncommon trap: reason=unstable_if action=reinterpret pc=0x000000000251bae4 method=java.util.HashMap.getNode(ILjava/lang/Object;)Ljava/util/HashMap$Node; @ 129
Event: 0.515 Thread 0x0000000002200800 Uncommon trap: reason=unstable_if action=reinterpret pc=0x0000000002606d90 method=com.android.dx.rop.code.LocalItem.hashCode()I @ 25
Event: 0.553 Thread 0x0000000017c11000 Uncommon trap: reason=unstable_if action=reinterpret pc=0x0000000002628a9c method=com.android.dx.rop.cst.Constant.compareTo(Lcom/android/dx/rop/cst/Constant;)I @ 12
Event: 0.753 Thread 0x0000000017bbc000 Uncommon trap: reason=null_check action=make_not_entrant pc=0x00000000026b005c method=com.android.dx.ssa.SsaRenamer.getLocalForNewReg(I)Lcom/android/dx/rop/code/LocalItem; @ 19
Event: 0.838 Thread 0x0000000017c11000 Uncommon trap: reason=unstable_if action=reinterpret pc=0x0000000002799cb4 method=com.android.dx.ssa.SCCP.simulateStmt(Lcom/android/dx/ssa/SsaInsn;)V @ 53
Event: 0.957 Thread 0x0000000002200800 Uncommon trap: reason=unstable_if action=reinterpret pc=0x000000000278aeb8 method=com.android.dx.rop.cst.StdConstantPool.set(ILcom/android/dx/rop/cst/Constant;)V @ 12

Internal exceptions (3 events):
Event: 0.031 Thread 0x0000000002200800 Exception <a 'java/lang/NoSuchMethodError': Method sun.misc.Unsafe.defineClass(Ljava/lang/String;[BII)Ljava/lang/Class; name or signature does not match> (0x00000000eab0d6b0) thrown at [C:\re\workspace\8-2-build-windows-amd64-cygwin\jdk8u60\4407\hotspot\srïÂ÷æƒ„Ÿ?
Event: 0.031 Thread 0x0000000002200800 Exception <a 'java/lang/NoSuchMethodError': Method sun.misc.Unsafe.prefetchRead(Ljava/lang/Object;J)V name or signature does not match> (0x00000000eab0d998) thrown at [C:\re\workspace\8-2-build-windows-amd64-cygwin\jdk8u60\4407\hotspot\src\share\vm\prims\jß û è?
Event: 0.753 Thread 0x0000000017bbc000 Implicit null exception at 0x00000000026af104 to 0x00000000026b0029

Events (10 events):
Event: 0.838 Thread 0x0000000017c11000 Uncommon trap: trap_request=0xffffff65 fr.pc=0x0000000002799cb4
Event: 0.838 Thread 0x0000000017c11000 DEOPT PACKING pc=0x0000000002799cb4 sp=0x000000001863e910
Event: 0.838 Thread 0x0000000017c11000 DEOPT UNPACKING pc=0x000000000235582a sp=0x000000001863e8d8 mode 2
Event: 0.957 Thread 0x0000000002200800 Uncommon trap: trap_request=0xffffff65 fr.pc=0x000000000278aeb8
Event: 0.957 Thread 0x0000000002200800 DEOPT PACKING pc=0x000000000278aeb8 sp=0x00000000021de8b0
Event: 0.957 Thread 0x0000000002200800 DEOPT UNPACKING pc=0x000000000235582a sp=0x00000000021de808 mode 2
Event: 0.981 loading class com/android/dx/cf/code/SwitchList
Event: 0.981 loading class com/android/dx/cf/code/SwitchList done
Event: 0.984 Executing VM operation: ParallelGCFailedAllocation
Event: 1.114 Executing VM operation: ParallelGCFailedAllocation done


Dynamic libraries:
0x00007ff73b380000 - 0x00007ff73b3b7000 	C:\Program Files\Java\jdk1.8.0_60\bin\java.exe
0x00007ff94c870000 - 0x00007ff94ca31000 	C:\WINDOWS\SYSTEM32\ntdll.dll
0x00007ff94bbf0000 - 0x00007ff94bc9d000 	C:\WINDOWS\system32\KERNEL32.DLL
0x00007ff949820000 - 0x00007ff949a08000 	C:\WINDOWS\system32\KERNELBASE.dll
0x00007ff94c7c0000 - 0x00007ff94c867000 	C:\WINDOWS\system32\ADVAPI32.dll
0x00007ff94c290000 - 0x00007ff94c32d000 	C:\WINDOWS\system32\msvcrt.dll
0x00007ff94b570000 - 0x00007ff94b5cb000 	C:\WINDOWS\system32\sechost.dll
0x00007ff94c330000 - 0x00007ff94c44c000 	C:\WINDOWS\system32\RPCRT4.dll
0x00007ff94b230000 - 0x00007ff94b386000 	C:\WINDOWS\system32\USER32.dll
0x00007ff94b390000 - 0x00007ff94b516000 	C:\WINDOWS\system32\GDI32.dll
0x00007ff945550000 - 0x00007ff9457c4000 	C:\WINDOWS\WinSxS\amd64_microsoft.windows.common-controls_6595b64144ccf1df_6.0.10586.0_none_8c15ae12515e1c22\COMCTL32.dll
0x00007ff94be50000 - 0x00007ff94c0cd000 	C:\WINDOWS\system32\combase.dll
0x00007ff949c00000 - 0x00007ff949c6a000 	C:\WINDOWS\system32\bcryptPrimitives.dll
0x00007ff94b520000 - 0x00007ff94b55b000 	C:\WINDOWS\system32\IMM32.DLL
0x0000000058ea0000 - 0x0000000058f72000 	C:\Program Files\Java\jdk1.8.0_60\jre\bin\msvcr100.dll
0x0000000058f80000 - 0x0000000059809000 	C:\Program Files\Java\jdk1.8.0_60\jre\bin\server\jvm.dll
0x00007ff94c750000 - 0x00007ff94c758000 	C:\WINDOWS\system32\PSAPI.DLL
0x00007ff947070000 - 0x00007ff947093000 	C:\WINDOWS\SYSTEM32\WINMM.dll
0x00007ff942600000 - 0x00007ff942609000 	C:\WINDOWS\SYSTEM32\WSOCK32.dll
0x00007ff945880000 - 0x00007ff94588a000 	C:\WINDOWS\SYSTEM32\VERSION.dll
0x00007ff94c580000 - 0x00007ff94c5eb000 	C:\WINDOWS\system32\WS2_32.dll
0x00007ff946fe0000 - 0x00007ff94700c000 	C:\WINDOWS\SYSTEM32\WINMMBASE.dll
0x00007ff948f20000 - 0x00007ff948f63000 	C:\WINDOWS\system32\cfgmgr32.dll
0x0000000058e50000 - 0x0000000058e5f000 	C:\Program Files\Java\jdk1.8.0_60\jre\bin\verify.dll
0x0000000058e20000 - 0x0000000058e49000 	C:\Program Files\Java\jdk1.8.0_60\jre\bin\java.dll
0x0000000058e00000 - 0x0000000058e16000 	C:\Program Files\Java\jdk1.8.0_60\jre\bin\zip.dll
0x00007ff949c70000 - 0x00007ff94b1cc000 	C:\WINDOWS\system32\SHELL32.dll
0x00007ff9491d0000 - 0x00007ff949815000 	C:\WINDOWS\system32\windows.storage.dll
0x00007ff94b1d0000 - 0x00007ff94b222000 	C:\WINDOWS\system32\shlwapi.dll
0x00007ff948f10000 - 0x00007ff948f1f000 	C:\WINDOWS\system32\kernel.appcore.dll
0x00007ff949a90000 - 0x00007ff949b45000 	C:\WINDOWS\system32\shcore.dll
0x00007ff948e90000 - 0x00007ff948edb000 	C:\WINDOWS\system32\powrprof.dll
0x00007ff948ee0000 - 0x00007ff948ef4000 	C:\WINDOWS\system32\profapi.dll

VM Arguments:
jvm_args: -Djava.awt.headless=true -Xmx1024M -Dfile.encoding=windows-1252 -Duser.country=ES -Duser.language=es -Duser.variant 
java_command: com.android.dx.command.Main --dex --num-threads=4 --output C:\Users\lprub\Desktop\Proyecto Paint\Pizarra\app\build\intermediates\pre-dexed\debug\internal_impl-23.1.1_414b231ce665772968fe5591a04cc44f718284b5.jar C:\Users\lprub\Desktop\Proyecto Paint\Pizarra\app\build\intermediates\exploded-aar\com.android.support\support-v4\23.1.1\jars\libs\internal_impl-23.1.1.jar
java_class_path (initial): C:\Users\lprub\AppData\Local\Android\sdk\build-tools\23.0.2\lib\dx.jar
Launcher Type: SUN_STANDARD

Environment Variables:
PATH=C:\ProgramData\Oracle\Java\javapath;C:\Program Files (x86)\Intel\iCLS Client\;C:\Program Files\Intel\iCLS Client\;C:\WINDOWS\system32;C:\WINDOWS;C:\WINDOWS\System32\Wbem;C:\WINDOWS\System32\WindowsPowerShell\v1.0\;C:\Program Files (x86)\NVIDIA Corporation\PhysX\Common;C:\Program Files (x86)\Intel\Intel(R) Management Engine Components\DAL;C:\Program Files\Intel\Intel(R) Management Engine Components\DAL;C:\Program Files (x86)\Intel\Intel(R) Management Engine Components\IPT;C:\Program Files\Intel\Intel(R) Management Engine Components\IPT;C:\Program Files (x86)\Brackets\command;C:\Program Files (x86)\Skype\Phone\;%SystemRoot%\system32;%SystemRoot%;%SystemRoot%\System32\Wbem;%SYSTEMROOT%\System32\WindowsPowerShell\v1.0\;C:\Program Files (x86)\Atmel\Flip 3.4.7\bin
USERNAME=lprub
OS=Windows_NT
PROCESSOR_IDENTIFIER=Intel64 Family 6 Model 60 Stepping 3, GenuineIntel



---------------  S Y S T E M  ---------------

OS: Windows 10.0 , 64 bit Build 10586 (10.0.10586.0)

CPU:total 8 (4 cores per cpu, 2 threads per core) family 6 model 60 stepping 3, cmov, cx8, fxsr, mmx, sse, sse2, sse3, ssse3, sse4.1, sse4.2, popcnt, avx, avx2, aes, clmul, erms, lzcnt, ht, tsc, tscinvbit, bmi1, bmi2

Memory: 4k page, physical 8245732k(1326252k free), swap 10342884k(6720k free)

vm_info: Java HotSpot(TM) 64-Bit Server VM (25.60-b23) for windows-amd64 JRE (1.8.0_60-b27), built on Aug  4 2015 11:06:27 by "java_re" with MS VC++ 10.0 (VS2010)

time: Fri Feb 19 22:36:37 2016
elapsed time: 1 seconds (0d 0h 0m 1s)

