#
# There is insufficient memory for the Java Runtime Environment to continue.
# Native memory allocation (malloc) failed to allocate 84176 bytes for Chunk::new
# Possible reasons:
#   The system is out of physical RAM or swap space
#   In 32 bit mode, the process size limit was hit
# Possible solutions:
#   Reduce memory load on the system
#   Increase physical memory or swap space
#   Check if swap backing store is full
#   Use 64 bit Java on a 64 bit OS
#   Decrease Java heap size (-Xmx/-Xms)
#   Decrease number of Java threads
#   Decrease Java thread stack sizes (-Xss)
#   Set larger code cache with -XX:ReservedCodeCacheSize=
# This output file may be truncated or incomplete.
#
#  Out of Memory Error (allocation.cpp:390), pid=1924, tid=5916
#
# JRE version: Java(TM) SE Runtime Environment (8.0_60-b27) (build 1.8.0_60-b27)
# Java VM: Java HotSpot(TM) 64-Bit Server VM (25.60-b23 mixed mode windows-amd64 compressed oops)
# Failed to write core dump. Minidumps are not enabled by default on client versions of Windows
#

---------------  T H R E A D  ---------------

Current thread (0x000000001700b800):  JavaThread "C2 CompilerThread2" daemon [_thread_in_native, id=5916, stack(0x0000000017780000,0x0000000017880000)]

Stack: [0x0000000017780000,0x0000000017880000]
[error occurred during error reporting (printing stack bounds), id 0xc0000005]

Native frames: (J=compiled Java code, j=interpreted, Vv=VM code, C=native code)


Current CompileTask:
C2:    847 1081       4       com.android.dx.util.LabeledList::set (45 bytes)


---------------  P R O C E S S  ---------------

Java Threads: ( => current thread )
  0x0000000017308800 JavaThread "pool-1-thread-4" [_thread_in_Java, id=4284, stack(0x0000000018780000,0x0000000018880000)]
  0x000000001730c000 JavaThread "pool-1-thread-3" [_thread_in_Java, id=6020, stack(0x0000000018680000,0x0000000018780000)]
  0x000000001732a800 JavaThread "pool-1-thread-2" [_thread_in_Java, id=7432, stack(0x0000000018580000,0x0000000018680000)]
  0x0000000017329800 JavaThread "pool-2-thread-1" [_thread_blocked, id=4960, stack(0x0000000018480000,0x0000000018580000)]
  0x000000001732f800 JavaThread "pool-1-thread-1" [_thread_in_Java, id=6036, stack(0x0000000018380000,0x0000000018480000)]
  0x000000001701f000 JavaThread "Service Thread" daemon [_thread_blocked, id=7636, stack(0x0000000017980000,0x0000000017a80000)]
  0x000000001700e000 JavaThread "C1 CompilerThread3" daemon [_thread_in_native, id=11068, stack(0x0000000017880000,0x0000000017980000)]
=>0x000000001700b800 JavaThread "C2 CompilerThread2" daemon [_thread_in_native, id=5916, stack(0x0000000017780000,0x0000000017880000)]
  0x0000000016fac800 JavaThread "C2 CompilerThread1" daemon [_thread_in_native, id=8468, stack(0x0000000017680000,0x0000000017780000)]
  0x0000000016fa7000 JavaThread "C2 CompilerThread0" daemon [_thread_in_native, id=3664, stack(0x0000000017580000,0x0000000017680000)]
  0x0000000016fa6000 JavaThread "Attach Listener" daemon [_thread_blocked, id=3516, stack(0x0000000017480000,0x0000000017580000)]
  0x0000000016fa3800 JavaThread "Signal Dispatcher" daemon [_thread_blocked, id=10648, stack(0x0000000017380000,0x0000000017480000)]
  0x0000000002373800 JavaThread "Finalizer" daemon [_thread_blocked, id=396, stack(0x0000000016d80000,0x0000000016e80000)]
  0x0000000002372000 JavaThread "Reference Handler" daemon [_thread_blocked, id=11052, stack(0x0000000016c80000,0x0000000016d80000)]
  0x0000000002280800 JavaThread "main" [_thread_in_Java, id=1372, stack(0x0000000002180000,0x0000000002280000)]

Other Threads:
  0x0000000014e99800 VMThread [stack: 0x0000000016b80000,0x0000000016c80000] [id=2532]
  0x0000000017016800 WatcherThread [stack: 0x0000000017a80000,0x0000000017b80000] [id=3224]

VM state:not at safepoint (normal execution)

VM Mutex/Monitor currently owned by a thread: None

Heap:
 PSYoungGen      total 37888K, used 14037K [0x00000000eab00000, 0x00000000ed500000, 0x0000000100000000)
  eden space 32768K, 27% used [0x00000000eab00000,0x00000000eb3b8098,0x00000000ecb00000)
  from space 5120K, 99% used [0x00000000ecb00000,0x00000000ecffd730,0x00000000ed000000)
  to   space 5120K, 0% used [0x00000000ed000000,0x00000000ed000000,0x00000000ed500000)
 ParOldGen       total 86016K, used 251K [0x00000000c0000000, 0x00000000c5400000, 0x00000000eab00000)
  object space 86016K, 0% used [0x00000000c0000000,0x00000000c003ed58,0x00000000c5400000)
 Metaspace       used 5931K, capacity 6832K, committed 7040K, reserved 1056768K
  class space    used 603K, capacity 616K, committed 640K, reserved 1048576K

Card table byte_map: [0x0000000011740000,0x0000000011950000] byte_map_base: 0x0000000011140000

Marking Bits: (ParMarkBitMap*) 0x000000005978a5b0
 Begin Bits: [0x00000000122b0000, 0x00000000132b0000)
 End Bits:   [0x00000000132b0000, 0x00000000142b0000)

Polling page: 0x0000000000850000

CodeCache: size=245760Kb used=3876Kb max_used=3888Kb free=241883Kb
 bounds [0x0000000002380000, 0x0000000002750000, 0x0000000011380000]
 total_blobs=1311 nmethods=1042 adapters=182
 compilation: enabled

Compilation events (10 events):
Event: 0.836 Thread 0x000000001700e000 nmethod 1056 0x000000000274bd50 code [0x000000000274c060, 0x000000000274dc88]
Event: 0.836 Thread 0x000000001700b800 nmethod 1048 0x0000000002742990 code [0x0000000002742b20, 0x0000000002742f68]
Event: 0.836 Thread 0x000000001700e000 1062   !   3       com.android.dx.cf.code.Ropper::processBlock (1101 bytes)
Event: 0.836 Thread 0x000000001700b800 1072       4       com.android.dx.rop.cst.CstBaseMethodRef::compareTo0 (29 bytes)
Event: 0.839 Thread 0x000000001700b800 nmethod 1072 0x0000000002741e90 code [0x0000000002742000, 0x0000000002742428]
Event: 0.839 Thread 0x000000001700b800 1077       4       java.util.AbstractCollection::<init> (5 bytes)
Event: 0.839 Thread 0x000000001700b800 nmethod 1077 0x000000000273f150 code [0x000000000273f280, 0x000000000273f2d8]
Event: 0.839 Thread 0x000000001700b800 1079       4       java.util.Collections$UnmodifiableCollection$1::next (10 bytes)
Event: 0.840 Thread 0x000000001700b800 nmethod 1079 0x000000000274ec50 code [0x000000000274edc0, 0x000000000274ef48]
Event: 0.840 Thread 0x000000001700b800 1081       4       com.android.dx.util.LabeledList::set (45 bytes)

GC Heap History (2 events):
Event: 0.685 GC heap before
{Heap before GC invocations=1 (full 0):
 PSYoungGen      total 37888K, used 32768K [0x00000000eab00000, 0x00000000ed500000, 0x0000000100000000)
  eden space 32768K, 100% used [0x00000000eab00000,0x00000000ecb00000,0x00000000ecb00000)
  from space 5120K, 0% used [0x00000000ed000000,0x00000000ed000000,0x00000000ed500000)
  to   space 5120K, 0% used [0x00000000ecb00000,0x00000000ecb00000,0x00000000ed000000)
 ParOldGen       total 86016K, used 0K [0x00000000c0000000, 0x00000000c5400000, 0x00000000eab00000)
  object space 86016K, 0% used [0x00000000c0000000,0x00000000c0000000,0x00000000c5400000)
 Metaspace       used 5812K, capacity 6768K, committed 7040K, reserved 1056768K
  class space    used 601K, capacity 616K, committed 640K, reserved 1048576K
Event: 0.736 GC heap after
Heap after GC invocations=1 (full 0):
 PSYoungGen      total 37888K, used 5109K [0x00000000eab00000, 0x00000000ed500000, 0x0000000100000000)
  eden space 32768K, 0% used [0x00000000eab00000,0x00000000eab00000,0x00000000ecb00000)
  from space 5120K, 99% used [0x00000000ecb00000,0x00000000ecffd730,0x00000000ed000000)
  to   space 5120K, 0% used [0x00000000ed000000,0x00000000ed000000,0x00000000ed500000)
 ParOldGen       total 86016K, used 251K [0x00000000c0000000, 0x00000000c5400000, 0x00000000eab00000)
  object space 86016K, 0% used [0x00000000c0000000,0x00000000c003ed58,0x00000000c5400000)
 Metaspace       used 5812K, capacity 6768K, committed 7040K, reserved 1056768K
  class space    used 601K, capacity 616K, committed 640K, reserved 1048576K
}

Deoptimization events (6 events):
Event: 0.573 Thread 0x000000001732f800 Uncommon trap: reason=unstable_if action=reinterpret pc=0x0000000002588644 method=java.util.HashMap.getNode(ILjava/lang/Object;)Ljava/util/HashMap$Node; @ 62
Event: 0.600 Thread 0x0000000017308800 Uncommon trap: reason=unstable_if action=reinterpret pc=0x00000000025a7ab0 method=java.util.HashMap.getNode(ILjava/lang/Object;)Ljava/util/HashMap$Node; @ 62
Event: 0.684 Thread 0x000000001732a800 Uncommon trap: reason=unstable_if action=reinterpret pc=0x0000000002592630 method=java.util.BitSet.nextSetBit(I)I @ 87
Event: 0.750 Thread 0x0000000017308800 Uncommon trap: reason=class_check action=maybe_recompile pc=0x00000000026335a8 method=com.android.dx.rop.type.Type.equals(Ljava/lang/Object;)Z @ 8
Event: 0.751 Thread 0x0000000017308800 Uncommon trap: reason=null_check action=make_not_entrant pc=0x00000000026335b8 method=com.android.dx.rop.type.Type.equals(Ljava/lang/Object;)Z @ 8
Event: 0.819 Thread 0x000000001730c000 Uncommon trap: reason=unstable_if action=reinterpret pc=0x00000000027073b8 method=com.android.dx.cf.code.Ropper.labelToResultIndex(I)I @ 34

Internal exceptions (3 events):
Event: 0.037 Thread 0x0000000002280800 Exception <a 'java/lang/NoSuchMethodError': Method sun.misc.Unsafe.defineClass(Ljava/lang/String;[BII)Ljava/lang/Class; name or signature does not match> (0x00000000eab0d720) thrown at [C:\re\workspace\8-2-build-windows-amd64-cygwin\jdk8u60\4407\hotspot\srø*œ|«¢?
Event: 0.037 Thread 0x0000000002280800 Exception <a 'java/lang/NoSuchMethodError': Method sun.misc.Unsafe.prefetchRead(Ljava/lang/Object;J)V name or signature does not match> (0x00000000eab0da08) thrown at [C:\re\workspace\8-2-build-windows-amd64-cygwin\jdk8u60\4407\hotspot\src\share\vm\prims\jY6e≈¨Ë?
Event: 0.751 Thread 0x0000000017308800 Implicit null exception at 0x00000000026334a2 to 0x00000000026335a9

Events (10 events):
Event: 0.779 loading class com/android/dx/cf/code/Ropper$ExceptionHandlerSetup done
Event: 0.805 loading class java/util/HashMap$Values
Event: 0.805 loading class java/util/HashMap$Values done
Event: 0.805 loading class java/util/HashMap$ValueIterator
Event: 0.805 loading class java/util/HashMap$ValueIterator done
Event: 0.819 Thread 0x000000001730c000 Uncommon trap: trap_request=0xffffff65 fr.pc=0x00000000027073b8
Event: 0.819 Thread 0x000000001730c000 DEOPT PACKING pc=0x00000000027073b8 sp=0x000000001877f020
Event: 0.819 Thread 0x000000001730c000 DEOPT UNPACKING pc=0x00000000023c582a sp=0x000000001877efc8 mode 2
Event: 0.840 Thread 0x000000001732f800 DEOPT PACKING pc=0x000000000272b282 sp=0x000000001847e750
Event: 0.840 Thread 0x000000001732f800 DEOPT UNPACKING pc=0x00000000023c787f sp=0x000000001847e4c8 mode 0


Dynamic libraries:
0x00007ff73b380000 - 0x00007ff73b3b7000 	C:\Program Files\Java\jdk1.8.0_60\bin\java.exe
0x00007ff94c870000 - 0x00007ff94ca31000 	C:\WINDOWS\SYSTEM32\ntdll.dll
0x00007ff94bbf0000 - 0x00007ff94bc9d000 	C:\WINDOWS\system32\KERNEL32.DLL
0x00007ff949820000 - 0x00007ff949a08000 	C:\WINDOWS\system32\KERNELBASE.dll
0x00007ff94c7c0000 - 0x00007ff94c867000 	C:\WINDOWS\system32\ADVAPI32.dll
0x00007ff94c290000 - 0x00007ff94c32d000 	C:\WINDOWS\system32\msvcrt.dll
0x00007ff94b570000 - 0x00007ff94b5cb000 	C:\WINDOWS\system32\sechost.dll
0x00007ff94c330000 - 0x00007ff94c44c000 	C:\WINDOWS\system32\RPCRT4.dll
0x00007ff94b230000 - 0x00007ff94b386000 	C:\WINDOWS\system32\USER32.dll
0x00007ff94b390000 - 0x00007ff94b516000 	C:\WINDOWS\system32\GDI32.dll
0x00007ff945550000 - 0x00007ff9457c4000 	C:\WINDOWS\WinSxS\amd64_microsoft.windows.common-controls_6595b64144ccf1df_6.0.10586.0_none_8c15ae12515e1c22\COMCTL32.dll
0x00007ff94be50000 - 0x00007ff94c0cd000 	C:\WINDOWS\system32\combase.dll
0x00007ff949c00000 - 0x00007ff949c6a000 	C:\WINDOWS\system32\bcryptPrimitives.dll
0x00007ff94b520000 - 0x00007ff94b55b000 	C:\WINDOWS\system32\IMM32.DLL
0x0000000058ea0000 - 0x0000000058f72000 	C:\Program Files\Java\jdk1.8.0_60\jre\bin\msvcr100.dll
0x0000000058f80000 - 0x0000000059809000 	C:\Program Files\Java\jdk1.8.0_60\jre\bin\server\jvm.dll
0x00007ff94c750000 - 0x00007ff94c758000 	C:\WINDOWS\system32\PSAPI.DLL
0x00007ff942600000 - 0x00007ff942609000 	C:\WINDOWS\SYSTEM32\WSOCK32.dll
0x00007ff947070000 - 0x00007ff947093000 	C:\WINDOWS\SYSTEM32\WINMM.dll
0x00007ff94c580000 - 0x00007ff94c5eb000 	C:\WINDOWS\system32\WS2_32.dll
0x00007ff946fe0000 - 0x00007ff94700c000 	C:\WINDOWS\SYSTEM32\WINMMBASE.dll
0x00007ff945880000 - 0x00007ff94588a000 	C:\WINDOWS\SYSTEM32\VERSION.dll
0x00007ff948f20000 - 0x00007ff948f63000 	C:\WINDOWS\system32\cfgmgr32.dll
0x0000000058e50000 - 0x0000000058e5f000 	C:\Program Files\Java\jdk1.8.0_60\jre\bin\verify.dll
0x0000000058e20000 - 0x0000000058e49000 	C:\Program Files\Java\jdk1.8.0_60\jre\bin\java.dll
0x0000000058e00000 - 0x0000000058e16000 	C:\Program Files\Java\jdk1.8.0_60\jre\bin\zip.dll
0x00007ff949c70000 - 0x00007ff94b1cc000 	C:\WINDOWS\system32\SHELL32.dll
0x00007ff9491d0000 - 0x00007ff949815000 	C:\WINDOWS\system32\windows.storage.dll
0x00007ff94b1d0000 - 0x00007ff94b222000 	C:\WINDOWS\system32\shlwapi.dll
0x00007ff948f10000 - 0x00007ff948f1f000 	C:\WINDOWS\system32\kernel.appcore.dll
0x00007ff949a90000 - 0x00007ff949b45000 	C:\WINDOWS\system32\shcore.dll
0x00007ff948e90000 - 0x00007ff948edb000 	C:\WINDOWS\system32\powrprof.dll
0x00007ff948ee0000 - 0x00007ff948ef4000 	C:\WINDOWS\system32\profapi.dll

VM Arguments:
jvm_args: -Djava.awt.headless=true -Xmx1024M -Dfile.encoding=windows-1252 -Duser.country=ES -Duser.language=es -Duser.variant 
java_command: com.android.dx.command.Main --dex --num-threads=4 --output C:\Users\lprub\Desktop\Proyecto Paint\Pizarra\app\build\intermediates\pre-dexed\debug\com.android.support-support-v4-23.1.1_d60017e532ce1b782a9eb92915dcde0bc1e75e1b.jar C:\Users\lprub\Desktop\Proyecto Paint\Pizarra\app\build\intermediates\exploded-aar\com.android.support\support-v4\23.1.1\jars\classes.jar
java_class_path (initial): C:\Users\lprub\AppData\Local\Android\sdk\build-tools\23.0.2\lib\dx.jar
Launcher Type: SUN_STANDARD

Environment Variables:
PATH=C:\ProgramData\Oracle\Java\javapath;C:\Program Files (x86)\Intel\iCLS Client\;C:\Program Files\Intel\iCLS Client\;C:\WINDOWS\system32;C:\WINDOWS;C:\WINDOWS\System32\Wbem;C:\WINDOWS\System32\WindowsPowerShell\v1.0\;C:\Program Files (x86)\NVIDIA Corporation\PhysX\Common;C:\Program Files (x86)\Intel\Intel(R) Management Engine Components\DAL;C:\Program Files\Intel\Intel(R) Management Engine Components\DAL;C:\Program Files (x86)\Intel\Intel(R) Management Engine Components\IPT;C:\Program Files\Intel\Intel(R) Management Engine Components\IPT;C:\Program Files (x86)\Brackets\command;C:\Program Files (x86)\Skype\Phone\;%SystemRoot%\system32;%SystemRoot%;%SystemRoot%\System32\Wbem;%SYSTEMROOT%\System32\WindowsPowerShell\v1.0\;C:\Program Files (x86)\Atmel\Flip 3.4.7\bin
USERNAME=lprub
OS=Windows_NT
PROCESSOR_IDENTIFIER=Intel64 Family 6 Model 60 Stepping 3, GenuineIntel



---------------  S Y S T E M  ---------------

OS: Windows 10.0 , 64 bit Build 10586 (10.0.10586.0)

CPU:total 8 (4 cores per cpu, 2 threads per core) family 6 model 60 stepping 3, cmov, cx8, fxsr, mmx, sse, sse2, sse3, ssse3, sse4.1, sse4.2, popcnt, avx, avx2, aes, clmul, erms, lzcnt, ht, tsc, tscinvbit, bmi1, bmi2

Memory: 4k page, physical 8245732k(1299260k free), swap 10342884k(5128k free)

vm_info: Java HotSpot(TM) 64-Bit Server VM (25.60-b23) for windows-amd64 JRE (1.8.0_60-b27), built on Aug  4 2015 11:06:27 by "java_re" with MS VC++ 10.0 (VS2010)

time: Fri Feb 19 22:35:55 2016
elapsed time: 0 seconds (0d 0h 0m 0s)

