#
# There is insufficient memory for the Java Runtime Environment to continue.
# Native memory allocation (malloc) failed to allocate 1458336 bytes for Chunk::new
# Possible reasons:
#   The system is out of physical RAM or swap space
#   In 32 bit mode, the process size limit was hit
# Possible solutions:
#   Reduce memory load on the system
#   Increase physical memory or swap space
#   Check if swap backing store is full
#   Use 64 bit Java on a 64 bit OS
#   Decrease Java heap size (-Xmx/-Xms)
#   Decrease number of Java threads
#   Decrease Java thread stack sizes (-Xss)
#   Set larger code cache with -XX:ReservedCodeCacheSize=
# This output file may be truncated or incomplete.
#
#  Out of Memory Error (allocation.cpp:390), pid=884, tid=9744
#
# JRE version: Java(TM) SE Runtime Environment (8.0_60-b27) (build 1.8.0_60-b27)
# Java VM: Java HotSpot(TM) 64-Bit Server VM (25.60-b23 mixed mode windows-amd64 compressed oops)
# Failed to write core dump. Minidumps are not enabled by default on client versions of Windows
#

---------------  T H R E A D  ---------------

Current thread (0x0000000016fec800):  JavaThread "C2 CompilerThread1" daemon [_thread_in_native, id=9744, stack(0x00000000176c0000,0x00000000177c0000)]

Stack: [0x00000000176c0000,0x00000000177c0000]
[error occurred during error reporting (printing stack bounds), id 0xc0000005]

Native frames: (J=compiled Java code, j=interpreted, Vv=VM code, C=native code)


Current CompileTask:
C2:   2538 1797   !   4       com.android.dx.cf.code.Ropper::processBlock (1101 bytes)


---------------  P R O C E S S  ---------------

Java Threads: ( => current thread )
  0x000000001729f000 JavaThread "pool-1-thread-4" [_thread_in_vm, id=6000, stack(0x00000000187c0000,0x00000000188c0000)]
  0x000000001729e000 JavaThread "pool-1-thread-3" [_thread_blocked, id=10376, stack(0x00000000186c0000,0x00000000187c0000)]
  0x0000000017294800 JavaThread "pool-1-thread-2" [_thread_blocked, id=7752, stack(0x00000000185c0000,0x00000000186c0000)]
  0x0000000017294000 JavaThread "pool-2-thread-1" [_thread_blocked, id=1884, stack(0x00000000184c0000,0x00000000185c0000)]
  0x0000000017293000 JavaThread "pool-1-thread-1" [_thread_blocked, id=9780, stack(0x00000000183c0000,0x00000000184c0000)]
  0x0000000017050000 JavaThread "Service Thread" daemon [_thread_blocked, id=6044, stack(0x00000000179c0000,0x0000000017ac0000)]
  0x000000001704c800 JavaThread "C1 CompilerThread3" daemon [_thread_in_native, id=4168, stack(0x00000000178c0000,0x00000000179c0000)]
  0x000000001704a000 JavaThread "C2 CompilerThread2" daemon [_thread_in_native, id=11000, stack(0x00000000177c0000,0x00000000178c0000)]
=>0x0000000016fec800 JavaThread "C2 CompilerThread1" daemon [_thread_in_native, id=9744, stack(0x00000000176c0000,0x00000000177c0000)]
  0x0000000016fe7000 JavaThread "C2 CompilerThread0" daemon [_thread_in_native, id=7876, stack(0x00000000175c0000,0x00000000176c0000)]
  0x0000000016fe5800 JavaThread "Attach Listener" daemon [_thread_blocked, id=7796, stack(0x00000000174c0000,0x00000000175c0000)]
  0x0000000014eee800 JavaThread "Signal Dispatcher" daemon [_thread_blocked, id=10924, stack(0x00000000173c0000,0x00000000174c0000)]
  0x00000000023b3800 JavaThread "Finalizer" daemon [_thread_blocked, id=3668, stack(0x0000000016dc0000,0x0000000016ec0000)]
  0x00000000023b2000 JavaThread "Reference Handler" daemon [_thread_blocked, id=5976, stack(0x0000000016cc0000,0x0000000016dc0000)]
  0x00000000022c0800 JavaThread "main" [_thread_in_Java, id=4732, stack(0x00000000020d0000,0x00000000021d0000)]

Other Threads:
  0x0000000014ed9800 VMThread [stack: 0x0000000016bc0000,0x0000000016cc0000] [id=236]
  0x0000000017059800 WatcherThread [stack: 0x0000000017ac0000,0x0000000017bc0000] [id=10340]

VM state:not at safepoint (normal execution)

VM Mutex/Monitor currently owned by a thread: None

Heap:
 PSYoungGen      total 70656K, used 57435K [0x00000000eab00000, 0x00000000f3500000, 0x0000000100000000)
  eden space 65536K, 79% used [0x00000000eab00000,0x00000000ede19d40,0x00000000eeb00000)
  from space 5120K, 99% used [0x00000000eeb00000,0x00000000eeffd020,0x00000000ef000000)
  to   space 5120K, 0% used [0x00000000f3000000,0x00000000f3000000,0x00000000f3500000)
 ParOldGen       total 86016K, used 14534K [0x00000000c0000000, 0x00000000c5400000, 0x00000000eab00000)
  object space 86016K, 16% used [0x00000000c0000000,0x00000000c0e31ac0,0x00000000c5400000)
 Metaspace       used 6392K, capacity 7192K, committed 7424K, reserved 1056768K
  class space    used 623K, capacity 656K, committed 768K, reserved 1048576K

Card table byte_map: [0x0000000011780000,0x0000000011990000] byte_map_base: 0x0000000011180000

Marking Bits: (ParMarkBitMap*) 0x000000005978a5b0
 Begin Bits: [0x00000000122f0000, 0x00000000132f0000)
 End Bits:   [0x00000000132f0000, 0x00000000142f0000)

Polling page: 0x00000000021d0000

CodeCache: size=245760Kb used=7680Kb max_used=7690Kb free=238079Kb
 bounds [0x00000000023c0000, 0x0000000002b50000, 0x00000000113c0000]
 total_blobs=2092 nmethods=1822 adapters=182
 compilation: enabled

Compilation events (10 events):
Event: 2.518 Thread 0x0000000016fe7000 nmethod 1795 0x0000000002b3dc90 code [0x0000000002b3dde0, 0x0000000002b3ded8]
Event: 2.518 Thread 0x0000000016fe7000 1796       4       com.android.dx.cf.code.ExecutionStack::peek (42 bytes)
Event: 2.519 Thread 0x000000001704c800 1849   !   2       com.android.dx.rop.code.RegisterSpec::intern (70 bytes)
Event: 2.519 Thread 0x0000000016fe7000 nmethod 1796 0x0000000002b3d950 code [0x0000000002b3daa0, 0x0000000002b3db78]
Event: 2.519 Thread 0x0000000016fe7000 1767       4       com.android.dx.rop.type.Type::getFrameType (5 bytes)
Event: 2.519 Thread 0x000000001704c800 nmethod 1849 0x0000000002b48390 code [0x0000000002b48540, 0x0000000002b48aa8]
Event: 2.519 Thread 0x0000000016fe7000 nmethod 1767 0x0000000002854910 code [0x0000000002854a40, 0x0000000002854ad8]
Event: 2.519 Thread 0x0000000016fe7000 1833       4       com.android.dx.ssa.LocalVariableInfo::mergeStarts (59 bytes)
Event: 2.528 Thread 0x000000001704c800 1858       2       java.util.BitSet::trimToSize (32 bytes)
Event: 2.529 Thread 0x000000001704c800 nmethod 1858 0x0000000002b4a110 code [0x0000000002b4a280, 0x0000000002b4a558]

GC Heap History (6 events):
Event: 0.924 GC heap before
{Heap before GC invocations=1 (full 0):
 PSYoungGen      total 37888K, used 32768K [0x00000000eab00000, 0x00000000ed500000, 0x0000000100000000)
  eden space 32768K, 100% used [0x00000000eab00000,0x00000000ecb00000,0x00000000ecb00000)
  from space 5120K, 0% used [0x00000000ed000000,0x00000000ed000000,0x00000000ed500000)
  to   space 5120K, 0% used [0x00000000ecb00000,0x00000000ecb00000,0x00000000ed000000)
 ParOldGen       total 86016K, used 0K [0x00000000c0000000, 0x00000000c5400000, 0x00000000eab00000)
  object space 86016K, 0% used [0x00000000c0000000,0x00000000c0000000,0x00000000c5400000)
 Metaspace       used 5940K, capacity 6896K, committed 7040K, reserved 1056768K
  class space    used 602K, capacity 616K, committed 640K, reserved 1048576K
Event: 0.985 GC heap after
Heap after GC invocations=1 (full 0):
 PSYoungGen      total 37888K, used 5105K [0x00000000eab00000, 0x00000000ef500000, 0x0000000100000000)
  eden space 32768K, 0% used [0x00000000eab00000,0x00000000eab00000,0x00000000ecb00000)
  from space 5120K, 99% used [0x00000000ecb00000,0x00000000ecffc6e0,0x00000000ed000000)
  to   space 5120K, 0% used [0x00000000ef000000,0x00000000ef000000,0x00000000ef500000)
 ParOldGen       total 86016K, used 943K [0x00000000c0000000, 0x00000000c5400000, 0x00000000eab00000)
  object space 86016K, 1% used [0x00000000c0000000,0x00000000c00ebce0,0x00000000c5400000)
 Metaspace       used 5940K, capacity 6896K, committed 7040K, reserved 1056768K
  class space    used 602K, capacity 616K, committed 640K, reserved 1048576K
}
Event: 1.202 GC heap before
{Heap before GC invocations=2 (full 0):
 PSYoungGen      total 37888K, used 37873K [0x00000000eab00000, 0x00000000ef500000, 0x0000000100000000)
  eden space 32768K, 100% used [0x00000000eab00000,0x00000000ecb00000,0x00000000ecb00000)
  from space 5120K, 99% used [0x00000000ecb00000,0x00000000ecffc6e0,0x00000000ed000000)
  to   space 5120K, 0% used [0x00000000ef000000,0x00000000ef000000,0x00000000ef500000)
 ParOldGen       total 86016K, used 943K [0x00000000c0000000, 0x00000000c5400000, 0x00000000eab00000)
  object space 86016K, 1% used [0x00000000c0000000,0x00000000c00ebce0,0x00000000c5400000)
 Metaspace       used 6152K, capacity 7088K, committed 7296K, reserved 1056768K
  class space    used 602K, capacity 616K, committed 640K, reserved 1048576K
Event: 1.214 GC heap after
Heap after GC invocations=2 (full 0):
 PSYoungGen      total 70656K, used 5115K [0x00000000eab00000, 0x00000000ef500000, 0x0000000100000000)
  eden space 65536K, 0% used [0x00000000eab00000,0x00000000eab00000,0x00000000eeb00000)
  from space 5120K, 99% used [0x00000000ef000000,0x00000000ef4feda0,0x00000000ef500000)
  to   space 5120K, 0% used [0x00000000eeb00000,0x00000000eeb00000,0x00000000ef000000)
 ParOldGen       total 86016K, used 5085K [0x00000000c0000000, 0x00000000c5400000, 0x00000000eab00000)
  object space 86016K, 5% used [0x00000000c0000000,0x00000000c04f7748,0x00000000c5400000)
 Metaspace       used 6152K, capacity 7088K, committed 7296K, reserved 1056768K
  class space    used 602K, capacity 616K, committed 640K, reserved 1048576K
}
Event: 2.000 GC heap before
{Heap before GC invocations=3 (full 0):
 PSYoungGen      total 70656K, used 70651K [0x00000000eab00000, 0x00000000ef500000, 0x0000000100000000)
  eden space 65536K, 100% used [0x00000000eab00000,0x00000000eeb00000,0x00000000eeb00000)
  from space 5120K, 99% used [0x00000000ef000000,0x00000000ef4feda0,0x00000000ef500000)
  to   space 5120K, 0% used [0x00000000eeb00000,0x00000000eeb00000,0x00000000ef000000)
 ParOldGen       total 86016K, used 5085K [0x00000000c0000000, 0x00000000c5400000, 0x00000000eab00000)
  object space 86016K, 5% used [0x00000000c0000000,0x00000000c04f7748,0x00000000c5400000)
 Metaspace       used 6278K, capacity 7152K, committed 7296K, reserved 1056768K
  class space    used 603K, capacity 616K, committed 640K, reserved 1048576K
Event: 2.050 GC heap after
Heap after GC invocations=3 (full 0):
 PSYoungGen      total 70656K, used 5108K [0x00000000eab00000, 0x00000000f3500000, 0x0000000100000000)
  eden space 65536K, 0% used [0x00000000eab00000,0x00000000eab00000,0x00000000eeb00000)
  from space 5120K, 99% used [0x00000000eeb00000,0x00000000eeffd020,0x00000000ef000000)
  to   space 5120K, 0% used [0x00000000f3000000,0x00000000f3000000,0x00000000f3500000)
 ParOldGen       total 86016K, used 14534K [0x00000000c0000000, 0x00000000c5400000, 0x00000000eab00000)
  object space 86016K, 16% used [0x00000000c0000000,0x00000000c0e31ac0,0x00000000c5400000)
 Metaspace       used 6278K, capacity 7152K, committed 7296K, reserved 1056768K
  class space    used 603K, capacity 616K, committed 640K, reserved 1048576K
}

Deoptimization events (10 events):
Event: 0.894 Thread 0x0000000017293000 Uncommon trap: reason=unstable_if action=reinterpret pc=0x000000000279066c method=com.android.dx.rop.code.RegisterSpecSet.put(Lcom/android/dx/rop/code/RegisterSpec;)V @ 77
Event: 1.200 Thread 0x0000000017293000 Uncommon trap: reason=unstable_if action=reinterpret pc=0x00000000026cc85c method=com.android.dx.rop.cst.Constant.compareTo(Lcom/android/dx/rop/cst/Constant;)I @ 12
Event: 1.358 Thread 0x000000001729e000 Uncommon trap: reason=uninitialized action=reinterpret pc=0x0000000002936f7c method=com.android.dx.cf.code.BytecodeArray.parseInstruction(ILcom/android/dx/cf/code/BytecodeArray$Visitor;)I @ 999
Event: 1.614 Thread 0x00000000022c0800 Uncommon trap: reason=unloaded action=reinterpret pc=0x0000000002a0bbe0 method=com.android.dx.cf.cst.ConstantPoolParser.parse0(ILjava/util/BitSet;)Lcom/android/dx/rop/cst/Constant; @ 220
Event: 1.665 Thread 0x000000001729f000 Uncommon trap: reason=unstable_if action=reinterpret pc=0x00000000028bae44 method=com.android.dx.ssa.SCCP.simulateStmt(Lcom/android/dx/ssa/SsaInsn;)V @ 53
Event: 1.680 Thread 0x0000000017293000 Uncommon trap: reason=unstable_if action=reinterpret pc=0x000000000279effc method=com.android.dx.util.IntList.binarysearch(I)I @ 105
Event: 1.791 Thread 0x000000001729e000 Uncommon trap: reason=unstable_if action=reinterpret pc=0x000000000277841c method=com.android.dx.ssa.SsaMethod.updateOneDefinition(Lcom/android/dx/ssa/SsaInsn;Lcom/android/dx/rop/code/RegisterSpec;)V @ 4
Event: 2.294 Thread 0x000000001729f000 Uncommon trap: reason=unstable_if action=reinterpret pc=0x00000000029f8ae4 method=com.android.dx.ssa.LocalVariableExtractor.processBlock(I)V @ 251
Event: 2.492 Thread 0x000000001729f000 Uncommon trap: reason=unstable_if action=reinterpret pc=0x0000000002a84364 method=com.android.dx.ssa.LiteralOpUpgrader$1.visitNonMoveInsn(Lcom/android/dx/ssa/NormalSsaInsn;)V @ 176
Event: 2.500 Thread 0x0000000017293000 Uncommon trap: reason=unstable_if action=reinterpret pc=0x000000000269cdec method=java.util.HashMap.putVal(ILjava/lang/Object;Ljava/lang/Object;ZZ)Ljava/lang/Object; @ 162

Internal exceptions (5 events):
Event: 0.036 Thread 0x00000000022c0800 Exception <a 'java/lang/NoSuchMethodError': Method sun.misc.Unsafe.defineClass(Ljava/lang/String;[BII)Ljava/lang/Class; name or signature does not match> (0x00000000eab0d6b8) thrown at [C:\re\workspace\8-2-build-windows-amd64-cygwin\jdk8u60\4407\hotspot\sr¶±õ«x¢?
Event: 0.036 Thread 0x00000000022c0800 Exception <a 'java/lang/NoSuchMethodError': Method sun.misc.Unsafe.prefetchRead(Ljava/lang/Object;J)V name or signature does not match> (0x00000000eab0d9a0) thrown at [C:\re\workspace\8-2-build-windows-amd64-cygwin\jdk8u60\4407\hotspot\src\share\vm\prims\jÌÑ1Ä@
Event: 2.511 Thread 0x0000000017293000 Exception <a 'java/lang/ArrayIndexOutOfBoundsException': 18> (0x00000000ed4d2e80) thrown at [C:\re\workspace\8-2-build-windows-amd64-cygwin\jdk8u60\4407\hotspot\src\share\vm\interpreter\interpreterRuntime.cpp, line 366]
Event: 2.511 Thread 0x0000000017293000 Exception <a 'java/lang/ArrayIndexOutOfBoundsException': 145> (0x00000000ed4d4a00) thrown at [C:\re\workspace\8-2-build-windows-amd64-cygwin\jdk8u60\4407\hotspot\src\share\vm\interpreter\interpreterRuntime.cpp, line 366]
Event: 2.514 Thread 0x0000000017293000 Exception <a 'java/lang/ArrayIndexOutOfBoundsException'> (0x00000000ed4d5ce8) thrown at [C:\re\workspace\8-2-build-windows-amd64-cygwin\jdk8u60\4407\hotspot\src\share\vm\runtime\sharedRuntime.cpp, line 605]

Events (10 events):
Event: 2.511 loading class sun/reflect/generics/reflectiveObjects/ParameterizedTypeImpl
Event: 2.511 loading class java/lang/reflect/ParameterizedType
Event: 2.513 loading class java/lang/reflect/ParameterizedType done
Event: 2.513 loading class sun/reflect/generics/reflectiveObjects/ParameterizedTypeImpl done
Event: 2.514 loading class java/lang/reflect/TypeVariable
Event: 2.516 loading class java/lang/reflect/TypeVariable done
Event: 2.516 loading class sun/reflect/generics/reflectiveObjects/TypeVariableImpl
Event: 2.516 loading class sun/reflect/generics/reflectiveObjects/LazyReflectiveObjectGenerator
Event: 2.516 loading class sun/reflect/generics/reflectiveObjects/LazyReflectiveObjectGenerator done
Event: 2.516 loading class sun/reflect/generics/reflectiveObjects/TypeVariableImpl done


Dynamic libraries:
0x00007ff73b380000 - 0x00007ff73b3b7000 	C:\Program Files\Java\jdk1.8.0_60\bin\java.exe
0x00007ff94c870000 - 0x00007ff94ca31000 	C:\WINDOWS\SYSTEM32\ntdll.dll
0x00007ff94bbf0000 - 0x00007ff94bc9d000 	C:\WINDOWS\system32\KERNEL32.DLL
0x00007ff949820000 - 0x00007ff949a08000 	C:\WINDOWS\system32\KERNELBASE.dll
0x00007ff94c7c0000 - 0x00007ff94c867000 	C:\WINDOWS\system32\ADVAPI32.dll
0x00007ff94c290000 - 0x00007ff94c32d000 	C:\WINDOWS\system32\msvcrt.dll
0x00007ff94b570000 - 0x00007ff94b5cb000 	C:\WINDOWS\system32\sechost.dll
0x00007ff94c330000 - 0x00007ff94c44c000 	C:\WINDOWS\system32\RPCRT4.dll
0x00007ff94b230000 - 0x00007ff94b386000 	C:\WINDOWS\system32\USER32.dll
0x00007ff94b390000 - 0x00007ff94b516000 	C:\WINDOWS\system32\GDI32.dll
0x00007ff945550000 - 0x00007ff9457c4000 	C:\WINDOWS\WinSxS\amd64_microsoft.windows.common-controls_6595b64144ccf1df_6.0.10586.0_none_8c15ae12515e1c22\COMCTL32.dll
0x00007ff94be50000 - 0x00007ff94c0cd000 	C:\WINDOWS\system32\combase.dll
0x00007ff949c00000 - 0x00007ff949c6a000 	C:\WINDOWS\system32\bcryptPrimitives.dll
0x00007ff94b520000 - 0x00007ff94b55b000 	C:\WINDOWS\system32\IMM32.DLL
0x0000000058ea0000 - 0x0000000058f72000 	C:\Program Files\Java\jdk1.8.0_60\jre\bin\msvcr100.dll
0x0000000058f80000 - 0x0000000059809000 	C:\Program Files\Java\jdk1.8.0_60\jre\bin\server\jvm.dll
0x00007ff94c750000 - 0x00007ff94c758000 	C:\WINDOWS\system32\PSAPI.DLL
0x00007ff942600000 - 0x00007ff942609000 	C:\WINDOWS\SYSTEM32\WSOCK32.dll
0x00007ff94c580000 - 0x00007ff94c5eb000 	C:\WINDOWS\system32\WS2_32.dll
0x00007ff947070000 - 0x00007ff947093000 	C:\WINDOWS\SYSTEM32\WINMM.dll
0x00007ff945880000 - 0x00007ff94588a000 	C:\WINDOWS\SYSTEM32\VERSION.dll
0x00007ff946fe0000 - 0x00007ff94700c000 	C:\WINDOWS\SYSTEM32\WINMMBASE.dll
0x00007ff948f20000 - 0x00007ff948f63000 	C:\WINDOWS\system32\cfgmgr32.dll
0x0000000058e50000 - 0x0000000058e5f000 	C:\Program Files\Java\jdk1.8.0_60\jre\bin\verify.dll
0x0000000058e20000 - 0x0000000058e49000 	C:\Program Files\Java\jdk1.8.0_60\jre\bin\java.dll
0x0000000058e00000 - 0x0000000058e16000 	C:\Program Files\Java\jdk1.8.0_60\jre\bin\zip.dll
0x00007ff949c70000 - 0x00007ff94b1cc000 	C:\WINDOWS\system32\SHELL32.dll
0x00007ff9491d0000 - 0x00007ff949815000 	C:\WINDOWS\system32\windows.storage.dll
0x00007ff94b1d0000 - 0x00007ff94b222000 	C:\WINDOWS\system32\shlwapi.dll
0x00007ff948f10000 - 0x00007ff948f1f000 	C:\WINDOWS\system32\kernel.appcore.dll
0x00007ff949a90000 - 0x00007ff949b45000 	C:\WINDOWS\system32\shcore.dll
0x00007ff948e90000 - 0x00007ff948edb000 	C:\WINDOWS\system32\powrprof.dll
0x00007ff948ee0000 - 0x00007ff948ef4000 	C:\WINDOWS\system32\profapi.dll

VM Arguments:
jvm_args: -Djava.awt.headless=true -Xmx1024M -Dfile.encoding=windows-1252 -Duser.country=ES -Duser.language=es -Duser.variant 
java_command: com.android.dx.command.Main --dex --num-threads=4 --output C:\Users\lprub\Desktop\Proyecto Paint\Pizarra\app\build\intermediates\pre-dexed\debug\com.android.support-appcompat-v7-23.1.1_8206821d2bfbf6dd8cdbdb6dd6ada2daa6c26a73.jar C:\Users\lprub\Desktop\Proyecto Paint\Pizarra\app\build\intermediates\exploded-aar\com.android.support\appcompat-v7\23.1.1\jars\classes.jar
java_class_path (initial): C:\Users\lprub\AppData\Local\Android\sdk\build-tools\23.0.2\lib\dx.jar
Launcher Type: SUN_STANDARD

Environment Variables:
PATH=C:\ProgramData\Oracle\Java\javapath;C:\Program Files (x86)\Intel\iCLS Client\;C:\Program Files\Intel\iCLS Client\;C:\WINDOWS\system32;C:\WINDOWS;C:\WINDOWS\System32\Wbem;C:\WINDOWS\System32\WindowsPowerShell\v1.0\;C:\Program Files (x86)\NVIDIA Corporation\PhysX\Common;C:\Program Files (x86)\Intel\Intel(R) Management Engine Components\DAL;C:\Program Files\Intel\Intel(R) Management Engine Components\DAL;C:\Program Files (x86)\Intel\Intel(R) Management Engine Components\IPT;C:\Program Files\Intel\Intel(R) Management Engine Components\IPT;C:\Program Files (x86)\Brackets\command;C:\Program Files (x86)\Skype\Phone\;%SystemRoot%\system32;%SystemRoot%;%SystemRoot%\System32\Wbem;%SYSTEMROOT%\System32\WindowsPowerShell\v1.0\;C:\Program Files (x86)\Atmel\Flip 3.4.7\bin
USERNAME=lprub
OS=Windows_NT
PROCESSOR_IDENTIFIER=Intel64 Family 6 Model 60 Stepping 3, GenuineIntel



---------------  S Y S T E M  ---------------

OS: Windows 10.0 , 64 bit Build 10586 (10.0.10586.0)

CPU:total 8 (4 cores per cpu, 2 threads per core) family 6 model 60 stepping 3, cmov, cx8, fxsr, mmx, sse, sse2, sse3, ssse3, sse4.1, sse4.2, popcnt, avx, avx2, aes, clmul, erms, lzcnt, ht, tsc, tscinvbit, bmi1, bmi2

Memory: 4k page, physical 8245732k(1163772k free), swap 10342884k(7160k free)

vm_info: Java HotSpot(TM) 64-Bit Server VM (25.60-b23) for windows-amd64 JRE (1.8.0_60-b27), built on Aug  4 2015 11:06:27 by "java_re" with MS VC++ 10.0 (VS2010)

time: Fri Feb 19 22:35:57 2016
elapsed time: 2 seconds (0d 0h 0m 2s)

