#
# There is insufficient memory for the Java Runtime Environment to continue.
# Native memory allocation (malloc) failed to allocate 74352 bytes for Chunk::new
# Possible reasons:
#   The system is out of physical RAM or swap space
#   In 32 bit mode, the process size limit was hit
# Possible solutions:
#   Reduce memory load on the system
#   Increase physical memory or swap space
#   Check if swap backing store is full
#   Use 64 bit Java on a 64 bit OS
#   Decrease Java heap size (-Xmx/-Xms)
#   Decrease number of Java threads
#   Decrease Java thread stack sizes (-Xss)
#   Set larger code cache with -XX:ReservedCodeCacheSize=
# This output file may be truncated or incomplete.
#
#  Out of Memory Error (allocation.cpp:390), pid=10708, tid=7536
#
# JRE version: Java(TM) SE Runtime Environment (8.0_60-b27) (build 1.8.0_60-b27)
# Java VM: Java HotSpot(TM) 64-Bit Server VM (25.60-b23 mixed mode windows-amd64 compressed oops)
# Failed to write core dump. Minidumps are not enabled by default on client versions of Windows
#

---------------  T H R E A D  ---------------

Current thread (0x0000000016fad000):  JavaThread "C2 CompilerThread1" daemon [_thread_in_native, id=7536, stack(0x0000000017680000,0x0000000017780000)]

Stack: [0x0000000017680000,0x0000000017780000]
[error occurred during error reporting (printing stack bounds), id 0xc0000005]

Native frames: (J=compiled Java code, j=interpreted, Vv=VM code, C=native code)


Current CompileTask:
C2:   1073 1338   !   4       com.android.dx.cf.code.BytecodeArray::parseInstruction (2764 bytes)


---------------  P R O C E S S  ---------------

Java Threads: ( => current thread )
  0x000000001726e800 JavaThread "pool-1-thread-4" [_thread_blocked, id=8948, stack(0x0000000018780000,0x0000000018880000)]
  0x000000001726c000 JavaThread "pool-1-thread-3" [_thread_blocked, id=8700, stack(0x0000000018680000,0x0000000018780000)]
  0x000000001726b000 JavaThread "pool-1-thread-2" [_thread_in_Java, id=1104, stack(0x0000000018580000,0x0000000018680000)]
  0x00000000172d9000 JavaThread "pool-2-thread-1" [_thread_blocked, id=10092, stack(0x0000000018480000,0x0000000018580000)]
  0x00000000172d8800 JavaThread "pool-1-thread-1" [_thread_blocked, id=6980, stack(0x0000000018380000,0x0000000018480000)]
  0x0000000017027000 JavaThread "Service Thread" daemon [_thread_blocked, id=7076, stack(0x0000000017980000,0x0000000017a80000)]
  0x000000001701d800 JavaThread "C1 CompilerThread3" daemon [_thread_blocked, id=3428, stack(0x0000000017880000,0x0000000017980000)]
  0x0000000016fb4000 JavaThread "C2 CompilerThread2" daemon [_thread_in_native, id=5240, stack(0x0000000017780000,0x0000000017880000)]
=>0x0000000016fad000 JavaThread "C2 CompilerThread1" daemon [_thread_in_native, id=7536, stack(0x0000000017680000,0x0000000017780000)]
  0x0000000016fa7000 JavaThread "C2 CompilerThread0" daemon [_thread_in_native, id=4448, stack(0x0000000017580000,0x0000000017680000)]
  0x0000000016fa6000 JavaThread "Attach Listener" daemon [_thread_blocked, id=8184, stack(0x0000000017480000,0x0000000017580000)]
  0x0000000014eae800 JavaThread "Signal Dispatcher" daemon [_thread_blocked, id=8904, stack(0x0000000017380000,0x0000000017480000)]
  0x0000000002379000 JavaThread "Finalizer" daemon [_thread_blocked, id=980, stack(0x0000000016d80000,0x0000000016e80000)]
  0x0000000002372000 JavaThread "Reference Handler" daemon [_thread_blocked, id=3724, stack(0x0000000016c80000,0x0000000016d80000)]
  0x0000000002280800 JavaThread "main" [_thread_in_Java, id=8592, stack(0x0000000002180000,0x0000000002280000)]

Other Threads:
  0x0000000014e99800 VMThread [stack: 0x0000000016b80000,0x0000000016c80000] [id=5052]
  0x0000000017035800 WatcherThread [stack: 0x0000000017a80000,0x0000000017b80000] [id=10644]

VM state:not at safepoint (normal execution)

VM Mutex/Monitor currently owned by a thread: None

Heap:
 PSYoungGen      total 37888K, used 31052K [0x00000000eab00000, 0x00000000ef500000, 0x0000000100000000)
  eden space 32768K, 79% used [0x00000000eab00000,0x00000000ec4538a0,0x00000000ecb00000)
  from space 5120K, 99% used [0x00000000ecb00000,0x00000000ecfffa58,0x00000000ed000000)
  to   space 5120K, 0% used [0x00000000ef000000,0x00000000ef000000,0x00000000ef500000)
 ParOldGen       total 86016K, used 760K [0x00000000c0000000, 0x00000000c5400000, 0x00000000eab00000)
  object space 86016K, 0% used [0x00000000c0000000,0x00000000c00be370,0x00000000c5400000)
 Metaspace       used 6110K, capacity 7024K, committed 7296K, reserved 1056768K
  class space    used 602K, capacity 616K, committed 640K, reserved 1048576K

Card table byte_map: [0x0000000011740000,0x0000000011950000] byte_map_base: 0x0000000011140000

Marking Bits: (ParMarkBitMap*) 0x000000005978a5b0
 Begin Bits: [0x00000000122b0000, 0x00000000132b0000)
 End Bits:   [0x00000000132b0000, 0x00000000142b0000)

Polling page: 0x0000000000510000

CodeCache: size=245760Kb used=5526Kb max_used=5543Kb free=240233Kb
 bounds [0x0000000002380000, 0x00000000028f0000, 0x0000000011380000]
 total_blobs=1643 nmethods=1374 adapters=182
 compilation: enabled

Compilation events (10 events):
Event: 1.016 Thread 0x000000001701d800 1385       3       java.util.HashMap$EntryIterator::next (5 bytes)
Event: 1.016 Thread 0x000000001701d800 nmethod 1385 0x00000000028e1d10 code [0x00000000028e1e80, 0x00000000028e2168]
Event: 1.016 Thread 0x000000001701d800 1386       3       java.util.HashMap$EntryIterator::next (5 bytes)
Event: 1.016 Thread 0x000000001701d800 nmethod 1386 0x00000000028e2210 code [0x00000000028e2380, 0x00000000028e2588]
Event: 1.018 Thread 0x000000001701d800 1387       3       com.android.dx.ssa.SsaInsn::makeFromRop (10 bytes)
Event: 1.018 Thread 0x000000001701d800 nmethod 1387 0x00000000028e2610 code [0x00000000028e27a0, 0x00000000028e2c28]
Event: 1.018 Thread 0x000000001701d800 1388       3       com.android.dx.ssa.SsaMethod::onSourceChanged (65 bytes)
Event: 1.019 Thread 0x000000001701d800 nmethod 1388 0x00000000028e2e90 code [0x00000000028e3060, 0x00000000028e38d8]
Event: 1.068 Thread 0x0000000016fb4000 nmethod 1349 0x00000000028e88d0 code [0x00000000028e8be0, 0x00000000028ea9c0]
Event: 1.068 Thread 0x0000000016fb4000 1375       4       com.android.dx.cf.code.Ropper::getAvailableLabel (54 bytes)

GC Heap History (2 events):
Event: 0.635 GC heap before
{Heap before GC invocations=1 (full 0):
 PSYoungGen      total 37888K, used 32768K [0x00000000eab00000, 0x00000000ed500000, 0x0000000100000000)
  eden space 32768K, 100% used [0x00000000eab00000,0x00000000ecb00000,0x00000000ecb00000)
  from space 5120K, 0% used [0x00000000ed000000,0x00000000ed000000,0x00000000ed500000)
  to   space 5120K, 0% used [0x00000000ecb00000,0x00000000ecb00000,0x00000000ed000000)
 ParOldGen       total 86016K, used 0K [0x00000000c0000000, 0x00000000c5400000, 0x00000000eab00000)
  object space 86016K, 0% used [0x00000000c0000000,0x00000000c0000000,0x00000000c5400000)
 Metaspace       used 5946K, capacity 6832K, committed 7040K, reserved 1056768K
  class space    used 602K, capacity 616K, committed 640K, reserved 1048576K
Event: 0.654 GC heap after
Heap after GC invocations=1 (full 0):
 PSYoungGen      total 37888K, used 5118K [0x00000000eab00000, 0x00000000ef500000, 0x0000000100000000)
  eden space 32768K, 0% used [0x00000000eab00000,0x00000000eab00000,0x00000000ecb00000)
  from space 5120K, 99% used [0x00000000ecb00000,0x00000000ecfffa58,0x00000000ed000000)
  to   space 5120K, 0% used [0x00000000ef000000,0x00000000ef000000,0x00000000ef500000)
 ParOldGen       total 86016K, used 760K [0x00000000c0000000, 0x00000000c5400000, 0x00000000eab00000)
  object space 86016K, 0% used [0x00000000c0000000,0x00000000c00be370,0x00000000c5400000)
 Metaspace       used 5946K, capacity 6832K, committed 7040K, reserved 1056768K
  class space    used 602K, capacity 616K, committed 640K, reserved 1048576K
}

Deoptimization events (6 events):
Event: 0.378 Thread 0x00000000172d8800 Uncommon trap: reason=unstable_if action=reinterpret pc=0x0000000002596244 method=java.util.HashMap.getNode(ILjava/lang/Object;)Ljava/util/HashMap$Node; @ 62
Event: 0.387 Thread 0x000000001726e800 Uncommon trap: reason=unstable_if action=reinterpret pc=0x00000000025b5a70 method=java.util.BitSet.nextSetBit(I)I @ 87
Event: 0.550 Thread 0x00000000172d8800 Uncommon trap: reason=unstable_if action=reinterpret pc=0x0000000002621104 method=com.android.dx.rop.code.RegisterSpec.equals(ILcom/android/dx/rop/type/TypeBearer;Lcom/android/dx/rop/code/LocalItem;)Z @ 42
Event: 0.588 Thread 0x00000000172d8800 Uncommon trap: reason=bimorphic action=maybe_recompile pc=0x00000000025b4ca8 method=java.util.HashMap.getNode(ILjava/lang/Object;)Ljava/util/HashMap$Node; @ 126
Event: 0.808 Thread 0x000000001726e800 Uncommon trap: reason=null_check action=make_not_entrant pc=0x00000000027063d0 method=com.android.dx.ssa.SsaRenamer.getLocalForNewReg(I)Lcom/android/dx/rop/code/LocalItem; @ 19
Event: 1.010 Thread 0x000000001726b000 Uncommon trap: reason=unstable_if action=reinterpret pc=0x00000000026a561c method=com.android.dx.rop.cst.Constant.compareTo(Lcom/android/dx/rop/cst/Constant;)I @ 12

Internal exceptions (3 events):
Event: 0.031 Thread 0x0000000002280800 Exception <a 'java/lang/NoSuchMethodError': Method sun.misc.Unsafe.defineClass(Ljava/lang/String;[BII)Ljava/lang/Class; name or signature does not match> (0x00000000eab0d3f8) thrown at [C:\re\workspace\8-2-build-windows-amd64-cygwin\jdk8u60\4407\hotspot\srÒàya¾ÙŸ?
Event: 0.031 Thread 0x0000000002280800 Exception <a 'java/lang/NoSuchMethodError': Method sun.misc.Unsafe.prefetchRead(Ljava/lang/Object;J)V name or signature does not match> (0x00000000eab0d6e0) thrown at [C:\re\workspace\8-2-build-windows-amd64-cygwin\jdk8u60\4407\hotspot\src\share\vm\prims\j>,[Øé?
Event: 0.808 Thread 0x000000001726e800 Implicit null exception at 0x0000000002703c1c to 0x000000000270638d

Events (10 events):
Event: 0.594 Executing VM operation: ParallelGCFailedAllocation
Event: 0.654 Executing VM operation: ParallelGCFailedAllocation done
Event: 0.808 Thread 0x000000001726e800 Uncommon trap: trap_request=0xfffffff4 fr.pc=0x00000000027063d0
Event: 0.808 Thread 0x000000001726e800 DEOPT PACKING pc=0x00000000027063d0 sp=0x000000001887ea30
Event: 0.808 Thread 0x000000001726e800 DEOPT UNPACKING pc=0x00000000023c582a sp=0x000000001887e888 mode 2
Event: 0.950 loading class com/android/dx/cf/attrib/AttExceptions
Event: 0.950 loading class com/android/dx/cf/attrib/AttExceptions done
Event: 1.010 Thread 0x000000001726b000 Uncommon trap: trap_request=0xffffff65 fr.pc=0x00000000026a561c
Event: 1.010 Thread 0x000000001726b000 DEOPT PACKING pc=0x00000000026a561c sp=0x000000001867e7a0
Event: 1.010 Thread 0x000000001726b000 DEOPT UNPACKING pc=0x00000000023c582a sp=0x000000001867e740 mode 2


Dynamic libraries:
0x00007ff73b380000 - 0x00007ff73b3b7000 	C:\Program Files\Java\jdk1.8.0_60\bin\java.exe
0x00007ff94c870000 - 0x00007ff94ca31000 	C:\WINDOWS\SYSTEM32\ntdll.dll
0x00007ff94bbf0000 - 0x00007ff94bc9d000 	C:\WINDOWS\system32\KERNEL32.DLL
0x00007ff949820000 - 0x00007ff949a08000 	C:\WINDOWS\system32\KERNELBASE.dll
0x00007ff94c7c0000 - 0x00007ff94c867000 	C:\WINDOWS\system32\ADVAPI32.dll
0x00007ff94c290000 - 0x00007ff94c32d000 	C:\WINDOWS\system32\msvcrt.dll
0x00007ff94b570000 - 0x00007ff94b5cb000 	C:\WINDOWS\system32\sechost.dll
0x00007ff94c330000 - 0x00007ff94c44c000 	C:\WINDOWS\system32\RPCRT4.dll
0x00007ff94b230000 - 0x00007ff94b386000 	C:\WINDOWS\system32\USER32.dll
0x00007ff94b390000 - 0x00007ff94b516000 	C:\WINDOWS\system32\GDI32.dll
0x00007ff945550000 - 0x00007ff9457c4000 	C:\WINDOWS\WinSxS\amd64_microsoft.windows.common-controls_6595b64144ccf1df_6.0.10586.0_none_8c15ae12515e1c22\COMCTL32.dll
0x00007ff94be50000 - 0x00007ff94c0cd000 	C:\WINDOWS\system32\combase.dll
0x00007ff949c00000 - 0x00007ff949c6a000 	C:\WINDOWS\system32\bcryptPrimitives.dll
0x00007ff94b520000 - 0x00007ff94b55b000 	C:\WINDOWS\system32\IMM32.DLL
0x0000000058ea0000 - 0x0000000058f72000 	C:\Program Files\Java\jdk1.8.0_60\jre\bin\msvcr100.dll
0x0000000058f80000 - 0x0000000059809000 	C:\Program Files\Java\jdk1.8.0_60\jre\bin\server\jvm.dll
0x00007ff94c750000 - 0x00007ff94c758000 	C:\WINDOWS\system32\PSAPI.DLL
0x00007ff942600000 - 0x00007ff942609000 	C:\WINDOWS\SYSTEM32\WSOCK32.dll
0x00007ff947070000 - 0x00007ff947093000 	C:\WINDOWS\SYSTEM32\WINMM.dll
0x00007ff94c580000 - 0x00007ff94c5eb000 	C:\WINDOWS\system32\WS2_32.dll
0x00007ff945880000 - 0x00007ff94588a000 	C:\WINDOWS\SYSTEM32\VERSION.dll
0x00007ff946fe0000 - 0x00007ff94700c000 	C:\WINDOWS\SYSTEM32\WINMMBASE.dll
0x00007ff948f20000 - 0x00007ff948f63000 	C:\WINDOWS\system32\cfgmgr32.dll
0x0000000058e50000 - 0x0000000058e5f000 	C:\Program Files\Java\jdk1.8.0_60\jre\bin\verify.dll
0x0000000058e20000 - 0x0000000058e49000 	C:\Program Files\Java\jdk1.8.0_60\jre\bin\java.dll
0x0000000058e00000 - 0x0000000058e16000 	C:\Program Files\Java\jdk1.8.0_60\jre\bin\zip.dll
0x00007ff949c70000 - 0x00007ff94b1cc000 	C:\WINDOWS\system32\SHELL32.dll
0x00007ff9491d0000 - 0x00007ff949815000 	C:\WINDOWS\system32\windows.storage.dll
0x00007ff94b1d0000 - 0x00007ff94b222000 	C:\WINDOWS\system32\shlwapi.dll
0x00007ff948f10000 - 0x00007ff948f1f000 	C:\WINDOWS\system32\kernel.appcore.dll
0x00007ff949a90000 - 0x00007ff949b45000 	C:\WINDOWS\system32\shcore.dll
0x00007ff948e90000 - 0x00007ff948edb000 	C:\WINDOWS\system32\powrprof.dll
0x00007ff948ee0000 - 0x00007ff948ef4000 	C:\WINDOWS\system32\profapi.dll

VM Arguments:
jvm_args: -Djava.awt.headless=true -Xmx1024M -Dfile.encoding=windows-1252 -Duser.country=ES -Duser.language=es -Duser.variant 
java_command: com.android.dx.command.Main --dex --num-threads=4 --output C:\Users\lprub\Desktop\Proyecto Paint\Pizarra\app\build\intermediates\pre-dexed\debug\com.android.support-appcompat-v7-23.1.1_8206821d2bfbf6dd8cdbdb6dd6ada2daa6c26a73.jar C:\Users\lprub\Desktop\Proyecto Paint\Pizarra\app\build\intermediates\exploded-aar\com.android.support\appcompat-v7\23.1.1\jars\classes.jar
java_class_path (initial): C:\Users\lprub\AppData\Local\Android\sdk\build-tools\23.0.2\lib\dx.jar
Launcher Type: SUN_STANDARD

Environment Variables:
PATH=C:\ProgramData\Oracle\Java\javapath;C:\Program Files (x86)\Intel\iCLS Client\;C:\Program Files\Intel\iCLS Client\;C:\WINDOWS\system32;C:\WINDOWS;C:\WINDOWS\System32\Wbem;C:\WINDOWS\System32\WindowsPowerShell\v1.0\;C:\Program Files (x86)\NVIDIA Corporation\PhysX\Common;C:\Program Files (x86)\Intel\Intel(R) Management Engine Components\DAL;C:\Program Files\Intel\Intel(R) Management Engine Components\DAL;C:\Program Files (x86)\Intel\Intel(R) Management Engine Components\IPT;C:\Program Files\Intel\Intel(R) Management Engine Components\IPT;C:\Program Files (x86)\Brackets\command;C:\Program Files (x86)\Skype\Phone\;%SystemRoot%\system32;%SystemRoot%;%SystemRoot%\System32\Wbem;%SYSTEMROOT%\System32\WindowsPowerShell\v1.0\;C:\Program Files (x86)\Atmel\Flip 3.4.7\bin
USERNAME=lprub
OS=Windows_NT
PROCESSOR_IDENTIFIER=Intel64 Family 6 Model 60 Stepping 3, GenuineIntel



---------------  S Y S T E M  ---------------

OS: Windows 10.0 , 64 bit Build 10586 (10.0.10586.0)

CPU:total 8 (4 cores per cpu, 2 threads per core) family 6 model 60 stepping 3, cmov, cx8, fxsr, mmx, sse, sse2, sse3, ssse3, sse4.1, sse4.2, popcnt, avx, avx2, aes, clmul, erms, lzcnt, ht, tsc, tscinvbit, bmi1, bmi2

Memory: 4k page, physical 8245732k(1328936k free), swap 10342884k(7296k free)

vm_info: Java HotSpot(TM) 64-Bit Server VM (25.60-b23) for windows-amd64 JRE (1.8.0_60-b27), built on Aug  4 2015 11:06:27 by "java_re" with MS VC++ 10.0 (VS2010)

time: Fri Feb 19 22:36:37 2016
elapsed time: 1 seconds (0d 0h 0m 1s)

