#
# There is insufficient memory for the Java Runtime Environment to continue.
# Native memory allocation (malloc) failed to allocate 295696 bytes for Chunk::new
# Possible reasons:
#   The system is out of physical RAM or swap space
#   In 32 bit mode, the process size limit was hit
# Possible solutions:
#   Reduce memory load on the system
#   Increase physical memory or swap space
#   Check if swap backing store is full
#   Use 64 bit Java on a 64 bit OS
#   Decrease Java heap size (-Xmx/-Xms)
#   Decrease number of Java threads
#   Decrease Java thread stack sizes (-Xss)
#   Set larger code cache with -XX:ReservedCodeCacheSize=
# This output file may be truncated or incomplete.
#
#  Out of Memory Error (allocation.cpp:390), pid=4796, tid=460
#
# JRE version: Java(TM) SE Runtime Environment (8.0_60-b27) (build 1.8.0_60-b27)
# Java VM: Java HotSpot(TM) 64-Bit Server VM (25.60-b23 mixed mode windows-amd64 compressed oops)
# Failed to write core dump. Minidumps are not enabled by default on client versions of Windows
#

---------------  T H R E A D  ---------------

Current thread (0x00000000170be800):  JavaThread "C2 CompilerThread2" daemon [_thread_in_native, id=460, stack(0x0000000017840000,0x0000000017940000)]

Stack: [0x0000000017840000,0x0000000017940000]
[error occurred during error reporting (printing stack bounds), id 0xc0000005]

Native frames: (J=compiled Java code, j=interpreted, Vv=VM code, C=native code)


Current CompileTask:
C2:   1112  957       4       com.android.dx.ssa.back.LivenessAnalyzer::handleTailRecursion (94 bytes)


---------------  P R O C E S S  ---------------

Java Threads: ( => current thread )
  0x0000000017d62800 JavaThread "pool-1-thread-4" [_thread_in_Java, id=5932, stack(0x0000000018840000,0x0000000018940000)]
  0x0000000017d61800 JavaThread "pool-1-thread-3" [_thread_in_Java, id=7700, stack(0x0000000018740000,0x0000000018840000)]
  0x0000000017d01000 JavaThread "pool-1-thread-2" [_thread_in_native_trans, id=1372, stack(0x0000000018640000,0x0000000018740000)]
  0x0000000017382800 JavaThread "pool-2-thread-1" [_thread_blocked, id=8088, stack(0x0000000018540000,0x0000000018640000)]
  0x0000000017cd4000 JavaThread "pool-1-thread-1" [_thread_in_Java, id=10316, stack(0x0000000018440000,0x0000000018540000)]
  0x00000000170df800 JavaThread "Service Thread" daemon [_thread_blocked, id=3440, stack(0x0000000017a40000,0x0000000017b40000)]
  0x00000000170c1800 JavaThread "C1 CompilerThread3" daemon [_thread_in_native, id=11016, stack(0x0000000017940000,0x0000000017a40000)]
=>0x00000000170be800 JavaThread "C2 CompilerThread2" daemon [_thread_in_native, id=460, stack(0x0000000017840000,0x0000000017940000)]
  0x000000001706d000 JavaThread "C2 CompilerThread1" daemon [_thread_in_native, id=6824, stack(0x0000000017740000,0x0000000017840000)]
  0x0000000017067000 JavaThread "C2 CompilerThread0" daemon [_thread_blocked, id=2320, stack(0x0000000017640000,0x0000000017740000)]
  0x0000000017066000 JavaThread "Attach Listener" daemon [_thread_blocked, id=6420, stack(0x0000000017540000,0x0000000017640000)]
  0x0000000014f8e800 JavaThread "Signal Dispatcher" daemon [_thread_blocked, id=9956, stack(0x0000000017440000,0x0000000017540000)]
  0x0000000002459000 JavaThread "Finalizer" daemon [_thread_blocked, id=8724, stack(0x0000000016e40000,0x0000000016f40000)]
  0x0000000002452000 JavaThread "Reference Handler" daemon [_thread_blocked, id=9756, stack(0x0000000016d40000,0x0000000016e40000)]
  0x0000000002360800 JavaThread "main" [_thread_blocked, id=9916, stack(0x0000000002260000,0x0000000002360000)]

Other Threads:
  0x0000000014f79800 VMThread [stack: 0x0000000016c40000,0x0000000016d40000] [id=11072]
  0x00000000170e7000 WatcherThread [stack: 0x0000000017b40000,0x0000000017c40000] [id=8340]

VM state:not at safepoint (normal execution)

VM Mutex/Monitor currently owned by a thread: None

Heap:
 PSYoungGen      total 37888K, used 17258K [0x00000000eab00000, 0x00000000ed500000, 0x0000000100000000)
  eden space 32768K, 37% used [0x00000000eab00000,0x00000000eb6dc940,0x00000000ecb00000)
  from space 5120K, 99% used [0x00000000ecb00000,0x00000000ecffe1d0,0x00000000ed000000)
  to   space 5120K, 0% used [0x00000000ed000000,0x00000000ed000000,0x00000000ed500000)
 ParOldGen       total 86016K, used 355K [0x00000000c0000000, 0x00000000c5400000, 0x00000000eab00000)
  object space 86016K, 0% used [0x00000000c0000000,0x00000000c0058fd0,0x00000000c5400000)
 Metaspace       used 5951K, capacity 6896K, committed 7040K, reserved 1056768K
  class space    used 602K, capacity 616K, committed 640K, reserved 1048576K

Card table byte_map: [0x0000000011820000,0x0000000011a30000] byte_map_base: 0x0000000011220000

Marking Bits: (ParMarkBitMap*) 0x000000005978a5b0
 Begin Bits: [0x0000000012390000, 0x0000000013390000)
 End Bits:   [0x0000000013390000, 0x0000000014390000)

Polling page: 0x0000000000550000

CodeCache: size=245760Kb used=3755Kb max_used=3755Kb free=242004Kb
 bounds [0x0000000002460000, 0x0000000002810000, 0x0000000011460000]
 total_blobs=1256 nmethods=985 adapters=182
 compilation: enabled

Compilation events (10 events):
Event: 1.107 Thread 0x0000000017067000 nmethod 1024 0x000000000280c810 code [0x000000000280c960, 0x000000000280cb98]
Event: 1.107 Thread 0x0000000017067000 1028       4       java.util.ArrayList::subListRangeCheck (110 bytes)
Event: 1.107 Thread 0x0000000017067000 nmethod 1028 0x00000000027ffed0 code [0x0000000002800000, 0x0000000002800098]
Event: 1.107 Thread 0x0000000017067000 1029       4       java.util.ArrayList$SubList::size (9 bytes)
Event: 1.107 Thread 0x0000000017067000 nmethod 1029 0x0000000002801750 code [0x0000000002801880, 0x0000000002801918]
Event: 1.107 Thread 0x0000000017067000 1040       4       java.util.ArrayList::grow (45 bytes)
Event: 1.109 Thread 0x00000000170c1800 nmethod 1017 0x000000000280cd10 code [0x000000000280cec0, 0x000000000280d378]
Event: 1.109 Thread 0x00000000170c1800 1027       3       com.android.dx.cf.code.Ropper::getAvailableLabel (54 bytes)
Event: 1.110 Thread 0x00000000170c1800 nmethod 1027 0x000000000280d650 code [0x000000000280d820, 0x000000000280e1e8]
Event: 1.110 Thread 0x00000000170c1800 1030   !   3       com.android.dx.cf.code.Ropper::processBlock (1101 bytes)

GC Heap History (2 events):
Event: 0.936 GC heap before
{Heap before GC invocations=1 (full 0):
 PSYoungGen      total 37888K, used 32768K [0x00000000eab00000, 0x00000000ed500000, 0x0000000100000000)
  eden space 32768K, 100% used [0x00000000eab00000,0x00000000ecb00000,0x00000000ecb00000)
  from space 5120K, 0% used [0x00000000ed000000,0x00000000ed000000,0x00000000ed500000)
  to   space 5120K, 0% used [0x00000000ecb00000,0x00000000ecb00000,0x00000000ed000000)
 ParOldGen       total 86016K, used 0K [0x00000000c0000000, 0x00000000c5400000, 0x00000000eab00000)
  object space 86016K, 0% used [0x00000000c0000000,0x00000000c0000000,0x00000000c5400000)
 Metaspace       used 5795K, capacity 6704K, committed 6784K, reserved 1056768K
  class space    used 600K, capacity 616K, committed 640K, reserved 1048576K
Event: 1.019 GC heap after
Heap after GC invocations=1 (full 0):
 PSYoungGen      total 37888K, used 5112K [0x00000000eab00000, 0x00000000ed500000, 0x0000000100000000)
  eden space 32768K, 0% used [0x00000000eab00000,0x00000000eab00000,0x00000000ecb00000)
  from space 5120K, 99% used [0x00000000ecb00000,0x00000000ecffe1d0,0x00000000ed000000)
  to   space 5120K, 0% used [0x00000000ed000000,0x00000000ed000000,0x00000000ed500000)
 ParOldGen       total 86016K, used 355K [0x00000000c0000000, 0x00000000c5400000, 0x00000000eab00000)
  object space 86016K, 0% used [0x00000000c0000000,0x00000000c0058fd0,0x00000000c5400000)
 Metaspace       used 5795K, capacity 6704K, committed 6784K, reserved 1056768K
  class space    used 600K, capacity 616K, committed 640K, reserved 1048576K
}

Deoptimization events (7 events):
Event: 0.714 Thread 0x0000000017cd4000 Uncommon trap: reason=unstable_if action=reinterpret pc=0x000000000266ca84 method=java.util.HashMap.getNode(ILjava/lang/Object;)Ljava/util/HashMap$Node; @ 62
Event: 1.031 Thread 0x0000000017cd4000 Uncommon trap: reason=unstable_if action=reinterpret pc=0x00000000026751b0 method=java.util.BitSet.nextSetBit(I)I @ 87
Event: 1.073 Thread 0x0000000017d01000 Uncommon trap: reason=class_check action=maybe_recompile pc=0x0000000002716ba8 method=com.android.dx.rop.type.Type.equals(Ljava/lang/Object;)Z @ 8
Event: 1.073 Thread 0x0000000017d01000 Uncommon trap: reason=class_check action=maybe_recompile pc=0x0000000002716ba8 method=com.android.dx.rop.type.Type.equals(Ljava/lang/Object;)Z @ 8
Event: 1.073 Thread 0x0000000017d01000 Uncommon trap: reason=class_check action=maybe_recompile pc=0x0000000002716ba8 method=com.android.dx.rop.type.Type.equals(Ljava/lang/Object;)Z @ 8
Event: 1.075 Thread 0x0000000017d01000 Uncommon trap: reason=class_check action=maybe_recompile pc=0x0000000002716ba8 method=com.android.dx.rop.type.Type.equals(Ljava/lang/Object;)Z @ 8
Event: 1.079 Thread 0x0000000017d01000 Uncommon trap: reason=class_check action=maybe_recompile pc=0x0000000002756510 method=com.android.dx.rop.type.Type.equals(Ljava/lang/Object;)Z @ 8

Internal exceptions (2 events):
Event: 0.030 Thread 0x0000000002360800 Exception <a 'java/lang/NoSuchMethodError': Method sun.misc.Unsafe.defineClass(Ljava/lang/String;[BII)Ljava/lang/Class; name or signature does not match> (0x00000000eab0d3f0) thrown at [C:\re\workspace\8-2-build-windows-amd64-cygwin\jdk8u60\4407\hotspot\sr.˜~%Œž?
Event: 0.030 Thread 0x0000000002360800 Exception <a 'java/lang/NoSuchMethodError': Method sun.misc.Unsafe.prefetchRead(Ljava/lang/Object;J)V name or signature does not match> (0x00000000eab0d6d8) thrown at [C:\re\workspace\8-2-build-windows-amd64-cygwin\jdk8u60\4407\hotspot\src\share\vm\prims\j

Events (10 events):
Event: 1.073 Thread 0x0000000017d01000 DEOPT PACKING pc=0x0000000002716ba8 sp=0x000000001873ebb0
Event: 1.073 Thread 0x0000000017d01000 DEOPT UNPACKING pc=0x00000000024a582a sp=0x000000001873eae8 mode 2
Event: 1.075 Thread 0x0000000017d01000 Uncommon trap: trap_request=0xffffffde fr.pc=0x0000000002716ba8
Event: 1.075 Thread 0x0000000017d01000 DEOPT PACKING pc=0x0000000002716ba8 sp=0x000000001873e780
Event: 1.075 Thread 0x0000000017d01000 DEOPT UNPACKING pc=0x00000000024a582a sp=0x000000001873e6b8 mode 2
Event: 1.079 Thread 0x0000000017d01000 Uncommon trap: trap_request=0xffffffde fr.pc=0x0000000002756510
Event: 1.079 Thread 0x0000000017d01000 DEOPT PACKING pc=0x0000000002756510 sp=0x000000001873e200
Event: 1.079 Thread 0x0000000017d01000 DEOPT UNPACKING pc=0x00000000024a582a sp=0x000000001873e060 mode 2
Event: 1.105 Thread 0x0000000017d62800 DEOPT PACKING pc=0x000000000278a175 sp=0x000000001893e900
Event: 1.105 Thread 0x0000000017d62800 DEOPT UNPACKING pc=0x00000000024a787f sp=0x000000001893e678 mode 0


Dynamic libraries:
0x00007ff73b380000 - 0x00007ff73b3b7000 	C:\Program Files\Java\jdk1.8.0_60\bin\java.exe
0x00007ff94c870000 - 0x00007ff94ca31000 	C:\WINDOWS\SYSTEM32\ntdll.dll
0x00007ff94bbf0000 - 0x00007ff94bc9d000 	C:\WINDOWS\system32\KERNEL32.DLL
0x00007ff949820000 - 0x00007ff949a08000 	C:\WINDOWS\system32\KERNELBASE.dll
0x00007ff94c7c0000 - 0x00007ff94c867000 	C:\WINDOWS\system32\ADVAPI32.dll
0x00007ff94c290000 - 0x00007ff94c32d000 	C:\WINDOWS\system32\msvcrt.dll
0x00007ff94b570000 - 0x00007ff94b5cb000 	C:\WINDOWS\system32\sechost.dll
0x00007ff94c330000 - 0x00007ff94c44c000 	C:\WINDOWS\system32\RPCRT4.dll
0x00007ff94b230000 - 0x00007ff94b386000 	C:\WINDOWS\system32\USER32.dll
0x00007ff94b390000 - 0x00007ff94b516000 	C:\WINDOWS\system32\GDI32.dll
0x00007ff945550000 - 0x00007ff9457c4000 	C:\WINDOWS\WinSxS\amd64_microsoft.windows.common-controls_6595b64144ccf1df_6.0.10586.0_none_8c15ae12515e1c22\COMCTL32.dll
0x00007ff94be50000 - 0x00007ff94c0cd000 	C:\WINDOWS\system32\combase.dll
0x00007ff949c00000 - 0x00007ff949c6a000 	C:\WINDOWS\system32\bcryptPrimitives.dll
0x00007ff94b520000 - 0x00007ff94b55b000 	C:\WINDOWS\system32\IMM32.DLL
0x0000000058ea0000 - 0x0000000058f72000 	C:\Program Files\Java\jdk1.8.0_60\jre\bin\msvcr100.dll
0x0000000058f80000 - 0x0000000059809000 	C:\Program Files\Java\jdk1.8.0_60\jre\bin\server\jvm.dll
0x00007ff94c750000 - 0x00007ff94c758000 	C:\WINDOWS\system32\PSAPI.DLL
0x00007ff947070000 - 0x00007ff947093000 	C:\WINDOWS\SYSTEM32\WINMM.dll
0x00007ff945880000 - 0x00007ff94588a000 	C:\WINDOWS\SYSTEM32\VERSION.dll
0x00000000020e0000 - 0x000000000210c000 	C:\WINDOWS\SYSTEM32\WINMMBASE.dll
0x00007ff942600000 - 0x00007ff942609000 	C:\WINDOWS\SYSTEM32\WSOCK32.dll
0x00007ff94c580000 - 0x00007ff94c5eb000 	C:\WINDOWS\system32\WS2_32.dll
0x00007ff948f20000 - 0x00007ff948f63000 	C:\WINDOWS\system32\cfgmgr32.dll
0x0000000058e50000 - 0x0000000058e5f000 	C:\Program Files\Java\jdk1.8.0_60\jre\bin\verify.dll
0x0000000058e20000 - 0x0000000058e49000 	C:\Program Files\Java\jdk1.8.0_60\jre\bin\java.dll
0x0000000058e00000 - 0x0000000058e16000 	C:\Program Files\Java\jdk1.8.0_60\jre\bin\zip.dll
0x00007ff949c70000 - 0x00007ff94b1cc000 	C:\WINDOWS\system32\SHELL32.dll
0x00007ff9491d0000 - 0x00007ff949815000 	C:\WINDOWS\system32\windows.storage.dll
0x00007ff94b1d0000 - 0x00007ff94b222000 	C:\WINDOWS\system32\shlwapi.dll
0x00007ff948f10000 - 0x00007ff948f1f000 	C:\WINDOWS\system32\kernel.appcore.dll
0x00007ff949a90000 - 0x00007ff949b45000 	C:\WINDOWS\system32\shcore.dll
0x00007ff948e90000 - 0x00007ff948edb000 	C:\WINDOWS\system32\powrprof.dll
0x00007ff948ee0000 - 0x00007ff948ef4000 	C:\WINDOWS\system32\profapi.dll

VM Arguments:
jvm_args: -Djava.awt.headless=true -Xmx1024M -Dfile.encoding=windows-1252 -Duser.country=ES -Duser.language=es -Duser.variant 
java_command: com.android.dx.command.Main --dex --num-threads=4 --output C:\Users\lprub\Desktop\Proyecto Paint\Pizarra\app\build\intermediates\pre-dexed\debug\com.android.support-support-v4-23.1.1_d60017e532ce1b782a9eb92915dcde0bc1e75e1b.jar C:\Users\lprub\Desktop\Proyecto Paint\Pizarra\app\build\intermediates\exploded-aar\com.android.support\support-v4\23.1.1\jars\classes.jar
java_class_path (initial): C:\Users\lprub\AppData\Local\Android\sdk\build-tools\23.0.2\lib\dx.jar
Launcher Type: SUN_STANDARD

Environment Variables:
PATH=C:\ProgramData\Oracle\Java\javapath;C:\Program Files (x86)\Intel\iCLS Client\;C:\Program Files\Intel\iCLS Client\;C:\WINDOWS\system32;C:\WINDOWS;C:\WINDOWS\System32\Wbem;C:\WINDOWS\System32\WindowsPowerShell\v1.0\;C:\Program Files (x86)\NVIDIA Corporation\PhysX\Common;C:\Program Files (x86)\Intel\Intel(R) Management Engine Components\DAL;C:\Program Files\Intel\Intel(R) Management Engine Components\DAL;C:\Program Files (x86)\Intel\Intel(R) Management Engine Components\IPT;C:\Program Files\Intel\Intel(R) Management Engine Components\IPT;C:\Program Files (x86)\Brackets\command;C:\Program Files (x86)\Skype\Phone\;%SystemRoot%\system32;%SystemRoot%;%SystemRoot%\System32\Wbem;%SYSTEMROOT%\System32\WindowsPowerShell\v1.0\;C:\Program Files (x86)\Atmel\Flip 3.4.7\bin
USERNAME=lprub
OS=Windows_NT
PROCESSOR_IDENTIFIER=Intel64 Family 6 Model 60 Stepping 3, GenuineIntel



---------------  S Y S T E M  ---------------

OS: Windows 10.0 , 64 bit Build 10586 (10.0.10586.0)

CPU:total 8 (4 cores per cpu, 2 threads per core) family 6 model 60 stepping 3, cmov, cx8, fxsr, mmx, sse, sse2, sse3, ssse3, sse4.1, sse4.2, popcnt, avx, avx2, aes, clmul, erms, lzcnt, ht, tsc, tscinvbit, bmi1, bmi2

Memory: 4k page, physical 8245732k(1322468k free), swap 10342884k(5172k free)

vm_info: Java HotSpot(TM) 64-Bit Server VM (25.60-b23) for windows-amd64 JRE (1.8.0_60-b27), built on Aug  4 2015 11:06:27 by "java_re" with MS VC++ 10.0 (VS2010)

time: Fri Feb 19 22:36:37 2016
elapsed time: 1 seconds (0d 0h 0m 1s)

